-------------------------------------------------------------------------------
Test set: com.qa.AppTest
-------------------------------------------------------------------------------
Tests run: 1, Failures: 0, Errors: 1, Skipped: 0, Time elapsed: 4.427 s <<< FAILURE! - in com.qa.AppTest
shouldAnswerWithTrue  Time elapsed: 4.427 s  <<< ERROR!
org.springframework.beans.factory.UnsatisfiedDependencyException: Error creating bean with name 'org.springframework.boot.autoconfigure.orm.jpa.HibernateJpaConfiguration': Unsatisfied dependency expressed through constructor parameter 0; nested exception is org.springframework.beans.factory.UnsatisfiedDependencyException: Error creating bean with name 'dataSource' defined in class path resource [org/springframework/boot/autoconfigure/jdbc/DataSourceConfiguration$Hikari.class]: Unsatisfied dependency expressed through method 'dataSource' parameter 0; nested exception is org.springframework.beans.factory.UnsatisfiedDependencyException: Error creating bean with name 'cloudSqlDataSourceProperties' defined in class path resource [org/springframework/cloud/gcp/autoconfigure/sql/GcpCloudSqlAutoConfiguration$CloudSqlDataSourcePropertiesConfiguration.class]: Unsatisfied dependency expressed through method 'cloudSqlDataSourceProperties' parameter 3; nested exception is org.springframework.beans.factory.BeanCreationException: Error creating bean with name 'defaultMySqlJdbcInfoProvider' defined in class path resource [org/springframework/cloud/gcp/autoconfigure/sql/GcpCloudSqlAutoConfiguration$MySqlJdbcInfoProviderConfiguration.class]: Bean instantiation via factory method failed; nested exception is org.springframework.beans.BeanInstantiationException: Failed to instantiate [org.springframework.cloud.gcp.autoconfigure.sql.CloudSqlJdbcInfoProvider]: Factory method 'defaultMySqlJdbcInfoProvider' threw exception; nested exception is java.lang.IllegalArgumentException: A database name must be provided.
	at com.qa.AppTest.shouldAnswerWithTrue(AppTest.java:14)
Caused by: org.springframework.beans.factory.UnsatisfiedDependencyException: Error creating bean with name 'dataSource' defined in class path resource [org/springframework/boot/autoconfigure/jdbc/DataSourceConfiguration$Hikari.class]: Unsatisfied dependency expressed through method 'dataSource' parameter 0; nested exception is org.springframework.beans.factory.UnsatisfiedDependencyException: Error creating bean with name 'cloudSqlDataSourceProperties' defined in class path resource [org/springframework/cloud/gcp/autoconfigure/sql/GcpCloudSqlAutoConfiguration$CloudSqlDataSourcePropertiesConfiguration.class]: Unsatisfied dependency expressed through method 'cloudSqlDataSourceProperties' parameter 3; nested exception is org.springframework.beans.factory.BeanCreationException: Error creating bean with name 'defaultMySqlJdbcInfoProvider' defined in class path resource [org/springframework/cloud/gcp/autoconfigure/sql/GcpCloudSqlAutoConfiguration$MySqlJdbcInfoProviderConfiguration.class]: Bean instantiation via factory method failed; nested exception is org.springframework.beans.BeanInstantiationException: Failed to instantiate [org.springframework.cloud.gcp.autoconfigure.sql.CloudSqlJdbcInfoProvider]: Factory method 'defaultMySqlJdbcInfoProvider' threw exception; nested exception is java.lang.IllegalArgumentException: A database name must be provided.
	at com.qa.AppTest.shouldAnswerWithTrue(AppTest.java:14)
Caused by: org.springframework.beans.factory.UnsatisfiedDependencyException: Error creating bean with name 'cloudSqlDataSourceProperties' defined in class path resource [org/springframework/cloud/gcp/autoconfigure/sql/GcpCloudSqlAutoConfiguration$CloudSqlDataSourcePropertiesConfiguration.class]: Unsatisfied dependency expressed through method 'cloudSqlDataSourceProperties' parameter 3; nested exception is org.springframework.beans.factory.BeanCreationException: Error creating bean with name 'defaultMySqlJdbcInfoProvider' defined in class path resource [org/springframework/cloud/gcp/autoconfigure/sql/GcpCloudSqlAutoConfiguration$MySqlJdbcInfoProviderConfiguration.class]: Bean instantiation via factory method failed; nested exception is org.springframework.beans.BeanInstantiationException: Failed to instantiate [org.springframework.cloud.gcp.autoconfigure.sql.CloudSqlJdbcInfoProvider]: Factory method 'defaultMySqlJdbcInfoProvider' threw exception; nested exception is java.lang.IllegalArgumentException: A database name must be provided.
	at com.qa.AppTest.shouldAnswerWithTrue(AppTest.java:14)
Caused by: org.springframework.beans.factory.BeanCreationException: Error creating bean with name 'defaultMySqlJdbcInfoProvider' defined in class path resource [org/springframework/cloud/gcp/autoconfigure/sql/GcpCloudSqlAutoConfiguration$MySqlJdbcInfoProviderConfiguration.class]: Bean instantiation via factory method failed; nested exception is org.springframework.beans.BeanInstantiationException: Failed to instantiate [org.springframework.cloud.gcp.autoconfigure.sql.CloudSqlJdbcInfoProvider]: Factory method 'defaultMySqlJdbcInfoProvider' threw exception; nested exception is java.lang.IllegalArgumentException: A database name must be provided.
	at com.qa.AppTest.shouldAnswerWithTrue(AppTest.java:14)
Caused by: org.springframework.beans.BeanInstantiationException: Failed to instantiate [org.springframework.cloud.gcp.autoconfigure.sql.CloudSqlJdbcInfoProvider]: Factory method 'defaultMySqlJdbcInfoProvider' threw exception; nested exception is java.lang.IllegalArgumentException: A database name must be provided.
	at com.qa.AppTest.shouldAnswerWithTrue(AppTest.java:14)
Caused by: java.lang.IllegalArgumentException: A database name must be provided.
	at com.qa.AppTest.shouldAnswerWithTrue(AppTest.java:14)

