<?xml version="1.0" encoding="UTF-8"?>
<testsuite xmlns:xsi="http://www.w3.org/2001/XMLSchema-instance" xsi:noNamespaceSchemaLocation="https://maven.apache.org/surefire/maven-surefire-plugin/xsd/surefire-test-report.xsd" name="com.qa.AppTest" time="4.739" tests="1" errors="1" skipped="0" failures="0">
  <properties>
[...]
</properties>
  <testcase name="shouldAnswerWithTrue" classname="com.qa.AppTest" time="4.724">
    <error message="Unable to start web server; nested exception is org.springframework.boot.web.server.WebServerException: Unable to start embedded Tomcat" type="org.springframework.context.ApplicationContextException">org.springframework.context.ApplicationContextException: Unable to start web server; nested exception is org.springframework.boot.web.server.WebServerException: Unable to start embedded Tomcat
	at com.qa.AppTest.shouldAnswerWithTrue(AppTest.java:14)
Caused by: org.springframework.boot.web.server.WebServerException: Unable to start embedded Tomcat
	at com.qa.AppTest.shouldAnswerWithTrue(AppTest.java:14)
Caused by: org.springframework.beans.factory.BeanCreationException: Error creating bean with name 'h2Console' defined in class path resource [org/springframework/boot/autoconfigure/h2/H2ConsoleAutoConfiguration.class]: Bean instantiation via factory method failed; nested exception is org.springframework.beans.BeanInstantiationException: Failed to instantiate [org.springframework.boot.web.servlet.ServletRegistrationBean]: Factory method 'h2Console' threw exception; nested exception is org.springframework.beans.factory.UnsatisfiedDependencyException: Error creating bean with name 'dataSource' defined in class path resource [org/springframework/boot/autoconfigure/jdbc/DataSourceConfiguration$Hikari.class]: Unsatisfied dependency expressed through method 'dataSource' parameter 0; nested exception is org.springframework.beans.factory.UnsatisfiedDependencyException: Error creating bean with name 'cloudSqlDataSourceProperties' defined in class path resource [org/springframework/cloud/gcp/autoconfigure/sql/GcpCloudSqlAutoConfiguration$CloudSqlDataSourcePropertiesConfiguration.class]: Unsatisfied dependency expressed through method 'cloudSqlDataSourceProperties' parameter 3; nested exception is org.springframework.beans.factory.BeanCreationException: Error creating bean with name 'defaultMySqlJdbcInfoProvider' defined in class path resource [org/springframework/cloud/gcp/autoconfigure/sql/GcpCloudSqlAutoConfiguration$MySqlJdbcInfoProviderConfiguration.class]: Bean instantiation via factory method failed; nested exception is org.springframework.beans.BeanInstantiationException: Failed to instantiate [org.springframework.cloud.gcp.autoconfigure.sql.CloudSqlJdbcInfoProvider]: Factory method 'defaultMySqlJdbcInfoProvider' threw exception; nested exception is java.lang.IllegalArgumentException: A database name must be provided.
	at com.qa.AppTest.shouldAnswerWithTrue(AppTest.java:14)
Caused by: org.springframework.beans.BeanInstantiationException: Failed to instantiate [org.springframework.boot.web.servlet.ServletRegistrationBean]: Factory method 'h2Console' threw exception; nested exception is org.springframework.beans.factory.UnsatisfiedDependencyException: Error creating bean with name 'dataSource' defined in class path resource [org/springframework/boot/autoconfigure/jdbc/DataSourceConfiguration$Hikari.class]: Unsatisfied dependency expressed through method 'dataSource' parameter 0; nested exception is org.springframework.beans.factory.UnsatisfiedDependencyException: Error creating bean with name 'cloudSqlDataSourceProperties' defined in class path resource [org/springframework/cloud/gcp/autoconfigure/sql/GcpCloudSqlAutoConfiguration$CloudSqlDataSourcePropertiesConfiguration.class]: Unsatisfied dependency expressed through method 'cloudSqlDataSourceProperties' parameter 3; nested exception is org.springframework.beans.factory.BeanCreationException: Error creating bean with name 'defaultMySqlJdbcInfoProvider' defined in class path resource [org/springframework/cloud/gcp/autoconfigure/sql/GcpCloudSqlAutoConfiguration$MySqlJdbcInfoProviderConfiguration.class]: Bean instantiation via factory method failed; nested exception is org.springframework.beans.BeanInstantiationException: Failed to instantiate [org.springframework.cloud.gcp.autoconfigure.sql.CloudSqlJdbcInfoProvider]: Factory method 'defaultMySqlJdbcInfoProvider' threw exception; nested exception is java.lang.IllegalArgumentException: A database name must be provided.
	at com.qa.AppTest.shouldAnswerWithTrue(AppTest.java:14)
Caused by: org.springframework.beans.factory.UnsatisfiedDependencyException: Error creating bean with name 'dataSource' defined in class path resource [org/springframework/boot/autoconfigure/jdbc/DataSourceConfiguration$Hikari.class]: Unsatisfied dependency expressed through method 'dataSource' parameter 0; nested exception is org.springframework.beans.factory.UnsatisfiedDependencyException: Error creating bean with name 'cloudSqlDataSourceProperties' defined in class path resource [org/springframework/cloud/gcp/autoconfigure/sql/GcpCloudSqlAutoConfiguration$CloudSqlDataSourcePropertiesConfiguration.class]: Unsatisfied dependency expressed through method 'cloudSqlDataSourceProperties' parameter 3; nested exception is org.springframework.beans.factory.BeanCreationException: Error creating bean with name 'defaultMySqlJdbcInfoProvider' defined in class path resource [org/springframework/cloud/gcp/autoconfigure/sql/GcpCloudSqlAutoConfiguration$MySqlJdbcInfoProviderConfiguration.class]: Bean instantiation via factory method failed; nested exception is org.springframework.beans.BeanInstantiationException: Failed to instantiate [org.springframework.cloud.gcp.autoconfigure.sql.CloudSqlJdbcInfoProvider]: Factory method 'defaultMySqlJdbcInfoProvider' threw exception; nested exception is java.lang.IllegalArgumentException: A database name must be provided.
	at com.qa.AppTest.shouldAnswerWithTrue(AppTest.java:14)
Caused by: org.springframework.beans.factory.UnsatisfiedDependencyException: Error creating bean with name 'cloudSqlDataSourceProperties' defined in class path resource [org/springframework/cloud/gcp/autoconfigure/sql/GcpCloudSqlAutoConfiguration$CloudSqlDataSourcePropertiesConfiguration.class]: Unsatisfied dependency expressed through method 'cloudSqlDataSourceProperties' parameter 3; nested exception is org.springframework.beans.factory.BeanCreationException: Error creating bean with name 'defaultMySqlJdbcInfoProvider' defined in class path resource [org/springframework/cloud/gcp/autoconfigure/sql/GcpCloudSqlAutoConfiguration$MySqlJdbcInfoProviderConfiguration.class]: Bean instantiation via factory method failed; nested exception is org.springframework.beans.BeanInstantiationException: Failed to instantiate [org.springframework.cloud.gcp.autoconfigure.sql.CloudSqlJdbcInfoProvider]: Factory method 'defaultMySqlJdbcInfoProvider' threw exception; nested exception is java.lang.IllegalArgumentException: A database name must be provided.
	at com.qa.AppTest.shouldAnswerWithTrue(AppTest.java:14)
Caused by: org.springframework.beans.factory.BeanCreationException: Error creating bean with name 'defaultMySqlJdbcInfoProvider' defined in class path resource [org/springframework/cloud/gcp/autoconfigure/sql/GcpCloudSqlAutoConfiguration$MySqlJdbcInfoProviderConfiguration.class]: Bean instantiation via factory method failed; nested exception is org.springframework.beans.BeanInstantiationException: Failed to instantiate [org.springframework.cloud.gcp.autoconfigure.sql.CloudSqlJdbcInfoProvider]: Factory method 'defaultMySqlJdbcInfoProvider' threw exception; nested exception is java.lang.IllegalArgumentException: A database name must be provided.
	at com.qa.AppTest.shouldAnswerWithTrue(AppTest.java:14)
Caused by: org.springframework.beans.BeanInstantiationException: Failed to instantiate [org.springframework.cloud.gcp.autoconfigure.sql.CloudSqlJdbcInfoProvider]: Factory method 'defaultMySqlJdbcInfoProvider' threw exception; nested exception is java.lang.IllegalArgumentException: A database name must be provided.
	at com.qa.AppTest.shouldAnswerWithTrue(AppTest.java:14)
Caused by: java.lang.IllegalArgumentException: A database name must be provided.
	at com.qa.AppTest.shouldAnswerWithTrue(AppTest.java:14)
</error>
    <system-out><![CDATA[16:44:20.239 [main] DEBUG org.springframework.test.context.junit4.SpringJUnit4ClassRunner - SpringJUnit4ClassRunner constructor called with [class com.qa.rest.ArticleControllerIntegrationTest]
16:44:20.248 [main] DEBUG org.springframework.test.context.BootstrapUtils - Instantiating CacheAwareContextLoaderDelegate from class [org.springframework.test.context.cache.DefaultCacheAwareContextLoaderDelegate]
16:44:20.273 [main] DEBUG org.springframework.test.context.BootstrapUtils - Instantiating BootstrapContext using constructor [public org.springframework.test.context.support.DefaultBootstrapContext(java.lang.Class,org.springframework.test.context.CacheAwareContextLoaderDelegate)]
16:44:20.369 [main] DEBUG org.springframework.test.context.BootstrapUtils - Instantiating TestContextBootstrapper for test class [com.qa.rest.ArticleControllerIntegrationTest] from class [org.springframework.boot.test.context.SpringBootTestContextBootstrapper]
16:44:20.418 [main] INFO org.springframework.boot.test.context.SpringBootTestContextBootstrapper - Neither @ContextConfiguration nor @ContextHierarchy found for test class [com.qa.rest.ArticleControllerIntegrationTest], using SpringBootContextLoader
16:44:20.433 [main] DEBUG org.springframework.test.context.support.AbstractContextLoader - Did not detect default resource location for test class [com.qa.rest.ArticleControllerIntegrationTest]: class path resource [com/qa/rest/ArticleControllerIntegrationTest-context.xml] does not exist
16:44:20.433 [main] DEBUG org.springframework.test.context.support.AbstractContextLoader - Did not detect default resource location for test class [com.qa.rest.ArticleControllerIntegrationTest]: class path resource [com/qa/rest/ArticleControllerIntegrationTestContext.groovy] does not exist
16:44:20.433 [main] INFO org.springframework.test.context.support.AbstractContextLoader - Could not detect default resource locations for test class [com.qa.rest.ArticleControllerIntegrationTest]: no resource found for suffixes {-context.xml, Context.groovy}.
16:44:20.438 [main] INFO org.springframework.test.context.support.AnnotationConfigContextLoaderUtils - Could not detect default configuration classes for test class [com.qa.rest.ArticleControllerIntegrationTest]: ArticleControllerIntegrationTest does not declare any static, non-private, non-final, nested classes annotated with @Configuration.
16:44:20.548 [main] DEBUG org.springframework.test.context.support.ActiveProfilesUtils - Could not find an 'annotation declaring class' for annotation type [org.springframework.test.context.ActiveProfiles] and class [com.qa.rest.ArticleControllerIntegrationTest]
16:44:20.729 [main] DEBUG org.springframework.context.annotation.ClassPathScanningCandidateComponentProvider - Identified candidate component class: file [C:\Users\44788\IdeaProjects\RomanEmperorsProject\target\classes\com\qa\App.class]
16:44:20.729 [main] INFO org.springframework.boot.test.context.SpringBootTestContextBootstrapper - Found @SpringBootConfiguration com.qa.App for test class com.qa.rest.ArticleControllerIntegrationTest
16:44:21.148 [main] DEBUG org.springframework.boot.test.context.SpringBootTestContextBootstrapper - @TestExecutionListeners is not present for class [com.qa.rest.ArticleControllerIntegrationTest]: using defaults.
16:44:21.158 [main] INFO org.springframework.boot.test.context.SpringBootTestContextBootstrapper - Loaded default TestExecutionListener class names from location [META-INF/spring.factories]: [org.springframework.boot.test.mock.mockito.MockitoTestExecutionListener, org.springframework.boot.test.mock.mockito.ResetMocksTestExecutionListener, org.springframework.boot.test.autoconfigure.restdocs.RestDocsTestExecutionListener, org.springframework.boot.test.autoconfigure.web.client.MockRestServiceServerResetTestExecutionListener, org.springframework.boot.test.autoconfigure.web.servlet.MockMvcPrintOnlyOnFailureTestExecutionListener, org.springframework.boot.test.autoconfigure.web.servlet.WebDriverTestExecutionListener, org.springframework.test.context.web.ServletTestExecutionListener, org.springframework.test.context.support.DirtiesContextBeforeModesTestExecutionListener, org.springframework.test.context.support.DependencyInjectionTestExecutionListener, org.springframework.test.context.support.DirtiesContextTestExecutionListener, org.springframework.test.context.transaction.TransactionalTestExecutionListener, org.springframework.test.context.jdbc.SqlScriptsTestExecutionListener, org.springframework.test.context.event.EventPublishingTestExecutionListener]
16:44:21.199 [main] INFO org.springframework.boot.test.context.SpringBootTestContextBootstrapper - Using TestExecutionListeners: [org.springframework.test.context.web.ServletTestExecutionListener@150ce46, org.springframework.test.context.support.DirtiesContextBeforeModesTestExecutionListener@1f69078, org.springframework.boot.test.mock.mockito.MockitoTestExecutionListener@1b29b34, org.springframework.boot.test.autoconfigure.SpringBootDependencyInjectionTestExecutionListener@1589735, org.springframework.test.context.support.DirtiesContextTestExecutionListener@994f26, org.springframework.test.context.transaction.TransactionalTestExecutionListener@1b172dd, org.springframework.test.context.jdbc.SqlScriptsTestExecutionListener@dd31a4, org.springframework.test.context.event.EventPublishingTestExecutionListener@1ddfc35, org.springframework.boot.test.mock.mockito.ResetMocksTestExecutionListener@1316cd7, org.springframework.boot.test.autoconfigure.restdocs.RestDocsTestExecutionListener@106dfb6, org.springframework.boot.test.autoconfigure.web.client.MockRestServiceServerResetTestExecutionListener@239223, org.springframework.boot.test.autoconfigure.web.servlet.MockMvcPrintOnlyOnFailureTestExecutionListener@8df8c6, org.springframework.boot.test.autoconfigure.web.servlet.WebDriverTestExecutionListener@206b14]
16:44:21.208 [main] DEBUG org.springframework.test.annotation.ProfileValueUtils - Retrieved @ProfileValueSourceConfiguration [null] for test class [com.qa.rest.ArticleControllerIntegrationTest]
16:44:21.208 [main] DEBUG org.springframework.test.annotation.ProfileValueUtils - Retrieved ProfileValueSource type [class org.springframework.test.annotation.SystemProfileValueSource] for class [com.qa.rest.ArticleControllerIntegrationTest]
16:44:21.261 [main] DEBUG org.springframework.test.context.junit4.SpringJUnit4ClassRunner - SpringJUnit4ClassRunner constructor called with [class com.qa.rest.EmperorsControllerIntegrationTest]
16:44:21.261 [main] DEBUG org.springframework.test.context.BootstrapUtils - Instantiating CacheAwareContextLoaderDelegate from class [org.springframework.test.context.cache.DefaultCacheAwareContextLoaderDelegate]
16:44:21.261 [main] DEBUG org.springframework.test.context.BootstrapUtils - Instantiating BootstrapContext using constructor [public org.springframework.test.context.support.DefaultBootstrapContext(java.lang.Class,org.springframework.test.context.CacheAwareContextLoaderDelegate)]
16:44:21.262 [main] DEBUG org.springframework.test.context.BootstrapUtils - Instantiating TestContextBootstrapper for test class [com.qa.rest.EmperorsControllerIntegrationTest] from class [org.springframework.boot.test.context.SpringBootTestContextBootstrapper]
16:44:21.262 [main] INFO org.springframework.boot.test.context.SpringBootTestContextBootstrapper - Neither @ContextConfiguration nor @ContextHierarchy found for test class [com.qa.rest.EmperorsControllerIntegrationTest], using SpringBootContextLoader
16:44:21.263 [main] DEBUG org.springframework.test.context.support.AbstractContextLoader - Did not detect default resource location for test class [com.qa.rest.EmperorsControllerIntegrationTest]: class path resource [com/qa/rest/EmperorsControllerIntegrationTest-context.xml] does not exist
16:44:21.264 [main] DEBUG org.springframework.test.context.support.AbstractContextLoader - Did not detect default resource location for test class [com.qa.rest.EmperorsControllerIntegrationTest]: class path resource [com/qa/rest/EmperorsControllerIntegrationTestContext.groovy] does not exist
16:44:21.264 [main] INFO org.springframework.test.context.support.AbstractContextLoader - Could not detect default resource locations for test class [com.qa.rest.EmperorsControllerIntegrationTest]: no resource found for suffixes {-context.xml, Context.groovy}.
16:44:21.264 [main] INFO org.springframework.test.context.support.AnnotationConfigContextLoaderUtils - Could not detect default configuration classes for test class [com.qa.rest.EmperorsControllerIntegrationTest]: EmperorsControllerIntegrationTest does not declare any static, non-private, non-final, nested classes annotated with @Configuration.
16:44:21.269 [main] DEBUG org.springframework.test.context.support.ActiveProfilesUtils - Could not find an 'annotation declaring class' for annotation type [org.springframework.test.context.ActiveProfiles] and class [com.qa.rest.EmperorsControllerIntegrationTest]
16:44:21.269 [main] INFO org.springframework.boot.test.context.SpringBootTestContextBootstrapper - Found @SpringBootConfiguration com.qa.App for test class com.qa.rest.EmperorsControllerIntegrationTest
16:44:21.269 [main] DEBUG org.springframework.boot.test.context.SpringBootTestContextBootstrapper - @TestExecutionListeners is not present for class [com.qa.rest.EmperorsControllerIntegrationTest]: using defaults.
16:44:21.269 [main] INFO org.springframework.boot.test.context.SpringBootTestContextBootstrapper - Loaded default TestExecutionListener class names from location [META-INF/spring.factories]: [org.springframework.boot.test.mock.mockito.MockitoTestExecutionListener, org.springframework.boot.test.mock.mockito.ResetMocksTestExecutionListener, org.springframework.boot.test.autoconfigure.restdocs.RestDocsTestExecutionListener, org.springframework.boot.test.autoconfigure.web.client.MockRestServiceServerResetTestExecutionListener, org.springframework.boot.test.autoconfigure.web.servlet.MockMvcPrintOnlyOnFailureTestExecutionListener, org.springframework.boot.test.autoconfigure.web.servlet.WebDriverTestExecutionListener, org.springframework.test.context.web.ServletTestExecutionListener, org.springframework.test.context.support.DirtiesContextBeforeModesTestExecutionListener, org.springframework.test.context.support.DependencyInjectionTestExecutionListener, org.springframework.test.context.support.DirtiesContextTestExecutionListener, org.springframework.test.context.transaction.TransactionalTestExecutionListener, org.springframework.test.context.jdbc.SqlScriptsTestExecutionListener, org.springframework.test.context.event.EventPublishingTestExecutionListener]
16:44:21.269 [main] INFO org.springframework.boot.test.context.SpringBootTestContextBootstrapper - Using TestExecutionListeners: [org.springframework.test.context.web.ServletTestExecutionListener@1d3a7a1, org.springframework.test.context.support.DirtiesContextBeforeModesTestExecutionListener@411474, org.springframework.boot.test.mock.mockito.MockitoTestExecutionListener@681097, org.springframework.boot.test.autoconfigure.SpringBootDependencyInjectionTestExecutionListener@12891f8, org.springframework.test.context.support.DirtiesContextTestExecutionListener@1d2c253, org.springframework.test.context.transaction.TransactionalTestExecutionListener@1a484a9, org.springframework.test.context.jdbc.SqlScriptsTestExecutionListener@156c222, org.springframework.test.context.event.EventPublishingTestExecutionListener@2035e1, org.springframework.boot.test.mock.mockito.ResetMocksTestExecutionListener@1f7b4ac, org.springframework.boot.test.autoconfigure.restdocs.RestDocsTestExecutionListener@47e077, org.springframework.boot.test.autoconfigure.web.client.MockRestServiceServerResetTestExecutionListener@1bd6a0f, org.springframework.boot.test.autoconfigure.web.servlet.MockMvcPrintOnlyOnFailureTestExecutionListener@e9d0e4, org.springframework.boot.test.autoconfigure.web.servlet.WebDriverTestExecutionListener@cb45c1]
16:44:21.269 [main] DEBUG org.springframework.test.annotation.ProfileValueUtils - Retrieved @ProfileValueSourceConfiguration [null] for test class [com.qa.rest.EmperorsControllerIntegrationTest]
16:44:21.269 [main] DEBUG org.springframework.test.annotation.ProfileValueUtils - Retrieved ProfileValueSource type [class org.springframework.test.annotation.SystemProfileValueSource] for class [com.qa.rest.EmperorsControllerIntegrationTest]
16:44:21.278 [main] DEBUG org.springframework.test.context.junit4.SpringJUnit4ClassRunner - SpringJUnit4ClassRunner constructor called with [class com.qa.service.ArticleServiceIntegrationTest]
16:44:21.278 [main] DEBUG org.springframework.test.context.BootstrapUtils - Instantiating CacheAwareContextLoaderDelegate from class [org.springframework.test.context.cache.DefaultCacheAwareContextLoaderDelegate]
16:44:21.278 [main] DEBUG org.springframework.test.context.BootstrapUtils - Instantiating BootstrapContext using constructor [public org.springframework.test.context.support.DefaultBootstrapContext(java.lang.Class,org.springframework.test.context.CacheAwareContextLoaderDelegate)]
16:44:21.278 [main] DEBUG org.springframework.test.context.BootstrapUtils - Instantiating TestContextBootstrapper for test class [com.qa.service.ArticleServiceIntegrationTest] from class [org.springframework.boot.test.context.SpringBootTestContextBootstrapper]
16:44:21.278 [main] INFO org.springframework.boot.test.context.SpringBootTestContextBootstrapper - Neither @ContextConfiguration nor @ContextHierarchy found for test class [com.qa.service.ArticleServiceIntegrationTest], using SpringBootContextLoader
16:44:21.278 [main] DEBUG org.springframework.test.context.support.AbstractContextLoader - Did not detect default resource location for test class [com.qa.service.ArticleServiceIntegrationTest]: class path resource [com/qa/service/ArticleServiceIntegrationTest-context.xml] does not exist
16:44:21.278 [main] DEBUG org.springframework.test.context.support.AbstractContextLoader - Did not detect default resource location for test class [com.qa.service.ArticleServiceIntegrationTest]: class path resource [com/qa/service/ArticleServiceIntegrationTestContext.groovy] does not exist
16:44:21.278 [main] INFO org.springframework.test.context.support.AbstractContextLoader - Could not detect default resource locations for test class [com.qa.service.ArticleServiceIntegrationTest]: no resource found for suffixes {-context.xml, Context.groovy}.
16:44:21.278 [main] INFO org.springframework.test.context.support.AnnotationConfigContextLoaderUtils - Could not detect default configuration classes for test class [com.qa.service.ArticleServiceIntegrationTest]: ArticleServiceIntegrationTest does not declare any static, non-private, non-final, nested classes annotated with @Configuration.
16:44:21.283 [main] DEBUG org.springframework.test.context.support.ActiveProfilesUtils - Could not find an 'annotation declaring class' for annotation type [org.springframework.test.context.ActiveProfiles] and class [com.qa.service.ArticleServiceIntegrationTest]
16:44:21.299 [main] DEBUG org.springframework.context.annotation.ClassPathScanningCandidateComponentProvider - Identified candidate component class: file [C:\Users\44788\IdeaProjects\RomanEmperorsProject\target\classes\com\qa\App.class]
16:44:21.304 [main] INFO org.springframework.boot.test.context.SpringBootTestContextBootstrapper - Found @SpringBootConfiguration com.qa.App for test class com.qa.service.ArticleServiceIntegrationTest
16:44:21.304 [main] DEBUG org.springframework.boot.test.context.SpringBootTestContextBootstrapper - @TestExecutionListeners is not present for class [com.qa.service.ArticleServiceIntegrationTest]: using defaults.
16:44:21.304 [main] INFO org.springframework.boot.test.context.SpringBootTestContextBootstrapper - Loaded default TestExecutionListener class names from location [META-INF/spring.factories]: [org.springframework.boot.test.mock.mockito.MockitoTestExecutionListener, org.springframework.boot.test.mock.mockito.ResetMocksTestExecutionListener, org.springframework.boot.test.autoconfigure.restdocs.RestDocsTestExecutionListener, org.springframework.boot.test.autoconfigure.web.client.MockRestServiceServerResetTestExecutionListener, org.springframework.boot.test.autoconfigure.web.servlet.MockMvcPrintOnlyOnFailureTestExecutionListener, org.springframework.boot.test.autoconfigure.web.servlet.WebDriverTestExecutionListener, org.springframework.test.context.web.ServletTestExecutionListener, org.springframework.test.context.support.DirtiesContextBeforeModesTestExecutionListener, org.springframework.test.context.support.DependencyInjectionTestExecutionListener, org.springframework.test.context.support.DirtiesContextTestExecutionListener, org.springframework.test.context.transaction.TransactionalTestExecutionListener, org.springframework.test.context.jdbc.SqlScriptsTestExecutionListener, org.springframework.test.context.event.EventPublishingTestExecutionListener]
16:44:21.304 [main] INFO org.springframework.boot.test.context.SpringBootTestContextBootstrapper - Using TestExecutionListeners: [org.springframework.test.context.web.ServletTestExecutionListener@2be0cd, org.springframework.test.context.support.DirtiesContextBeforeModesTestExecutionListener@1de0a34, org.springframework.boot.test.mock.mockito.MockitoTestExecutionListener@1836cd9, org.springframework.boot.test.autoconfigure.SpringBootDependencyInjectionTestExecutionListener@1632442, org.springframework.test.context.support.DirtiesContextTestExecutionListener@27926b, org.springframework.test.context.transaction.TransactionalTestExecutionListener@175a9b1, org.springframework.test.context.jdbc.SqlScriptsTestExecutionListener@16aed22, org.springframework.test.context.event.EventPublishingTestExecutionListener@1a982f9, org.springframework.boot.test.mock.mockito.ResetMocksTestExecutionListener@1d3f6ad, org.springframework.boot.test.autoconfigure.restdocs.RestDocsTestExecutionListener@169fc07, org.springframework.boot.test.autoconfigure.web.client.MockRestServiceServerResetTestExecutionListener@1e801b5, org.springframework.boot.test.autoconfigure.web.servlet.MockMvcPrintOnlyOnFailureTestExecutionListener@4de63b, org.springframework.boot.test.autoconfigure.web.servlet.WebDriverTestExecutionListener@2d0e41]
16:44:21.304 [main] DEBUG org.springframework.test.annotation.ProfileValueUtils - Retrieved @ProfileValueSourceConfiguration [null] for test class [com.qa.service.ArticleServiceIntegrationTest]
16:44:21.309 [main] DEBUG org.springframework.test.annotation.ProfileValueUtils - Retrieved ProfileValueSource type [class org.springframework.test.annotation.SystemProfileValueSource] for class [com.qa.service.ArticleServiceIntegrationTest]
16:44:21.309 [main] DEBUG org.springframework.test.context.junit4.SpringJUnit4ClassRunner - SpringJUnit4ClassRunner constructor called with [class com.qa.service.ArticleServiceUnitTest]
16:44:21.309 [main] DEBUG org.springframework.test.context.BootstrapUtils - Instantiating CacheAwareContextLoaderDelegate from class [org.springframework.test.context.cache.DefaultCacheAwareContextLoaderDelegate]
16:44:21.309 [main] DEBUG org.springframework.test.context.BootstrapUtils - Instantiating BootstrapContext using constructor [public org.springframework.test.context.support.DefaultBootstrapContext(java.lang.Class,org.springframework.test.context.CacheAwareContextLoaderDelegate)]
16:44:21.319 [main] DEBUG org.springframework.test.context.BootstrapUtils - Instantiating TestContextBootstrapper for test class [com.qa.service.ArticleServiceUnitTest] from class [org.springframework.test.context.support.DefaultTestContextBootstrapper]
16:44:21.324 [main] INFO org.springframework.test.context.support.DefaultTestContextBootstrapper - Neither @ContextConfiguration nor @ContextHierarchy found for test class [com.qa.service.ArticleServiceUnitTest], using DelegatingSmartContextLoader
16:44:21.329 [main] DEBUG org.springframework.test.context.support.AbstractDelegatingSmartContextLoader - Delegating to GenericXmlContextLoader to process context configuration [ContextConfigurationAttributes@1891646 declaringClass = 'com.qa.service.ArticleServiceUnitTest', classes = '{}', locations = '{}', inheritLocations = false, initializers = '{}', inheritInitializers = true, name = [null], contextLoaderClass = 'org.springframework.test.context.ContextLoader'].
16:44:21.329 [main] DEBUG org.springframework.test.context.support.AbstractContextLoader - Did not detect default resource location for test class [com.qa.service.ArticleServiceUnitTest]: class path resource [com/qa/service/ArticleServiceUnitTest-context.xml] does not exist
16:44:21.329 [main] INFO org.springframework.test.context.support.AbstractContextLoader - Could not detect default resource locations for test class [com.qa.service.ArticleServiceUnitTest]: no resource found for suffixes {-context.xml}.
16:44:21.338 [main] DEBUG org.springframework.test.context.support.AbstractDelegatingSmartContextLoader - Delegating to AnnotationConfigContextLoader to process context configuration [ContextConfigurationAttributes@1891646 declaringClass = 'com.qa.service.ArticleServiceUnitTest', classes = '{}', locations = '{}', inheritLocations = false, initializers = '{}', inheritInitializers = true, name = [null], contextLoaderClass = 'org.springframework.test.context.ContextLoader'].
16:44:21.338 [main] INFO org.springframework.test.context.support.AnnotationConfigContextLoaderUtils - Could not detect default configuration classes for test class [com.qa.service.ArticleServiceUnitTest]: ArticleServiceUnitTest does not declare any static, non-private, non-final, nested classes annotated with @Configuration.
16:44:21.338 [main] DEBUG org.springframework.test.context.support.ActiveProfilesUtils - Could not find an 'annotation declaring class' for annotation type [org.springframework.test.context.ActiveProfiles] and class [com.qa.service.ArticleServiceUnitTest]
16:44:21.338 [main] DEBUG org.springframework.test.context.support.DefaultTestContextBootstrapper - @TestExecutionListeners is not present for class [com.qa.service.ArticleServiceUnitTest]: using defaults.
16:44:21.338 [main] INFO org.springframework.test.context.support.DefaultTestContextBootstrapper - Loaded default TestExecutionListener class names from location [META-INF/spring.factories]: [org.springframework.boot.test.mock.mockito.MockitoTestExecutionListener, org.springframework.boot.test.mock.mockito.ResetMocksTestExecutionListener, org.springframework.boot.test.autoconfigure.restdocs.RestDocsTestExecutionListener, org.springframework.boot.test.autoconfigure.web.client.MockRestServiceServerResetTestExecutionListener, org.springframework.boot.test.autoconfigure.web.servlet.MockMvcPrintOnlyOnFailureTestExecutionListener, org.springframework.boot.test.autoconfigure.web.servlet.WebDriverTestExecutionListener, org.springframework.test.context.web.ServletTestExecutionListener, org.springframework.test.context.support.DirtiesContextBeforeModesTestExecutionListener, org.springframework.test.context.support.DependencyInjectionTestExecutionListener, org.springframework.test.context.support.DirtiesContextTestExecutionListener, org.springframework.test.context.transaction.TransactionalTestExecutionListener, org.springframework.test.context.jdbc.SqlScriptsTestExecutionListener, org.springframework.test.context.event.EventPublishingTestExecutionListener]
16:44:21.338 [main] INFO org.springframework.test.context.support.DefaultTestContextBootstrapper - Using TestExecutionListeners: [org.springframework.test.context.web.ServletTestExecutionListener@82309c, org.springframework.test.context.support.DirtiesContextBeforeModesTestExecutionListener@142336c, org.springframework.boot.test.mock.mockito.MockitoTestExecutionListener@13b4f37, org.springframework.test.context.support.DependencyInjectionTestExecutionListener@125709e, org.springframework.test.context.support.DirtiesContextTestExecutionListener@c6a1b6, org.springframework.test.context.transaction.TransactionalTestExecutionListener@13051, org.springframework.test.context.jdbc.SqlScriptsTestExecutionListener@1f29d91, org.springframework.test.context.event.EventPublishingTestExecutionListener@143b2b1, org.springframework.boot.test.mock.mockito.ResetMocksTestExecutionListener@63643e, org.springframework.boot.test.autoconfigure.restdocs.RestDocsTestExecutionListener@1294e9b, org.springframework.boot.test.autoconfigure.web.client.MockRestServiceServerResetTestExecutionListener@d24d7a, org.springframework.boot.test.autoconfigure.web.servlet.MockMvcPrintOnlyOnFailureTestExecutionListener@78b52b, org.springframework.boot.test.autoconfigure.web.servlet.WebDriverTestExecutionListener@1ab78ce]
16:44:21.338 [main] DEBUG org.springframework.test.annotation.ProfileValueUtils - Retrieved @ProfileValueSourceConfiguration [null] for test class [com.qa.service.ArticleServiceUnitTest]
16:44:21.338 [main] DEBUG org.springframework.test.annotation.ProfileValueUtils - Retrieved ProfileValueSource type [class org.springframework.test.annotation.SystemProfileValueSource] for class [com.qa.service.ArticleServiceUnitTest]
16:44:21.338 [main] DEBUG org.springframework.test.context.junit4.SpringJUnit4ClassRunner - SpringJUnit4ClassRunner constructor called with [class com.qa.service.EmperorServiceIntegrationTest]
16:44:21.338 [main] DEBUG org.springframework.test.context.BootstrapUtils - Instantiating CacheAwareContextLoaderDelegate from class [org.springframework.test.context.cache.DefaultCacheAwareContextLoaderDelegate]
16:44:21.338 [main] DEBUG org.springframework.test.context.BootstrapUtils - Instantiating BootstrapContext using constructor [public org.springframework.test.context.support.DefaultBootstrapContext(java.lang.Class,org.springframework.test.context.CacheAwareContextLoaderDelegate)]
16:44:21.338 [main] DEBUG org.springframework.test.context.BootstrapUtils - Instantiating TestContextBootstrapper for test class [com.qa.service.EmperorServiceIntegrationTest] from class [org.springframework.boot.test.context.SpringBootTestContextBootstrapper]
16:44:21.338 [main] INFO org.springframework.boot.test.context.SpringBootTestContextBootstrapper - Neither @ContextConfiguration nor @ContextHierarchy found for test class [com.qa.service.EmperorServiceIntegrationTest], using SpringBootContextLoader
16:44:21.349 [main] DEBUG org.springframework.test.context.support.AbstractContextLoader - Did not detect default resource location for test class [com.qa.service.EmperorServiceIntegrationTest]: class path resource [com/qa/service/EmperorServiceIntegrationTest-context.xml] does not exist
16:44:21.349 [main] DEBUG org.springframework.test.context.support.AbstractContextLoader - Did not detect default resource location for test class [com.qa.service.EmperorServiceIntegrationTest]: class path resource [com/qa/service/EmperorServiceIntegrationTestContext.groovy] does not exist
16:44:21.349 [main] INFO org.springframework.test.context.support.AbstractContextLoader - Could not detect default resource locations for test class [com.qa.service.EmperorServiceIntegrationTest]: no resource found for suffixes {-context.xml, Context.groovy}.
16:44:21.349 [main] INFO org.springframework.test.context.support.AnnotationConfigContextLoaderUtils - Could not detect default configuration classes for test class [com.qa.service.EmperorServiceIntegrationTest]: EmperorServiceIntegrationTest does not declare any static, non-private, non-final, nested classes annotated with @Configuration.
16:44:21.349 [main] DEBUG org.springframework.test.context.support.ActiveProfilesUtils - Could not find an 'annotation declaring class' for annotation type [org.springframework.test.context.ActiveProfiles] and class [com.qa.service.EmperorServiceIntegrationTest]
16:44:21.349 [main] INFO org.springframework.boot.test.context.SpringBootTestContextBootstrapper - Found @SpringBootConfiguration com.qa.App for test class com.qa.service.EmperorServiceIntegrationTest
16:44:21.354 [main] DEBUG org.springframework.boot.test.context.SpringBootTestContextBootstrapper - @TestExecutionListeners is not present for class [com.qa.service.EmperorServiceIntegrationTest]: using defaults.
16:44:21.354 [main] INFO org.springframework.boot.test.context.SpringBootTestContextBootstrapper - Loaded default TestExecutionListener class names from location [META-INF/spring.factories]: [org.springframework.boot.test.mock.mockito.MockitoTestExecutionListener, org.springframework.boot.test.mock.mockito.ResetMocksTestExecutionListener, org.springframework.boot.test.autoconfigure.restdocs.RestDocsTestExecutionListener, org.springframework.boot.test.autoconfigure.web.client.MockRestServiceServerResetTestExecutionListener, org.springframework.boot.test.autoconfigure.web.servlet.MockMvcPrintOnlyOnFailureTestExecutionListener, org.springframework.boot.test.autoconfigure.web.servlet.WebDriverTestExecutionListener, org.springframework.test.context.web.ServletTestExecutionListener, org.springframework.test.context.support.DirtiesContextBeforeModesTestExecutionListener, org.springframework.test.context.support.DependencyInjectionTestExecutionListener, org.springframework.test.context.support.DirtiesContextTestExecutionListener, org.springframework.test.context.transaction.TransactionalTestExecutionListener, org.springframework.test.context.jdbc.SqlScriptsTestExecutionListener, org.springframework.test.context.event.EventPublishingTestExecutionListener]
16:44:21.354 [main] INFO org.springframework.boot.test.context.SpringBootTestContextBootstrapper - Using TestExecutionListeners: [org.springframework.test.context.web.ServletTestExecutionListener@97f5e9, org.springframework.test.context.support.DirtiesContextBeforeModesTestExecutionListener@e7b78d, org.springframework.boot.test.mock.mockito.MockitoTestExecutionListener@183b617, org.springframework.boot.test.autoconfigure.SpringBootDependencyInjectionTestExecutionListener@a63740, org.springframework.test.context.support.DirtiesContextTestExecutionListener@11da640, org.springframework.test.context.transaction.TransactionalTestExecutionListener@c92631, org.springframework.test.context.jdbc.SqlScriptsTestExecutionListener@220ef1, org.springframework.test.context.event.EventPublishingTestExecutionListener@1ad2b42, org.springframework.boot.test.mock.mockito.ResetMocksTestExecutionListener@14ebe11, org.springframework.boot.test.autoconfigure.restdocs.RestDocsTestExecutionListener@51eda7, org.springframework.boot.test.autoconfigure.web.client.MockRestServiceServerResetTestExecutionListener@62271a, org.springframework.boot.test.autoconfigure.web.servlet.MockMvcPrintOnlyOnFailureTestExecutionListener@19fe6f, org.springframework.boot.test.autoconfigure.web.servlet.WebDriverTestExecutionListener@fb72cb]
16:44:21.354 [main] DEBUG org.springframework.test.annotation.ProfileValueUtils - Retrieved @ProfileValueSourceConfiguration [null] for test class [com.qa.service.EmperorServiceIntegrationTest]
16:44:21.354 [main] DEBUG org.springframework.test.annotation.ProfileValueUtils - Retrieved ProfileValueSource type [class org.springframework.test.annotation.SystemProfileValueSource] for class [com.qa.service.EmperorServiceIntegrationTest]
16:44:21.359 [main] DEBUG org.springframework.test.context.junit4.SpringJUnit4ClassRunner - SpringJUnit4ClassRunner constructor called with [class com.qa.service.EmperorServiceUnitTest]
16:44:21.359 [main] DEBUG org.springframework.test.context.BootstrapUtils - Instantiating CacheAwareContextLoaderDelegate from class [org.springframework.test.context.cache.DefaultCacheAwareContextLoaderDelegate]
16:44:21.359 [main] DEBUG org.springframework.test.context.BootstrapUtils - Instantiating BootstrapContext using constructor [public org.springframework.test.context.support.DefaultBootstrapContext(java.lang.Class,org.springframework.test.context.CacheAwareContextLoaderDelegate)]
16:44:21.359 [main] DEBUG org.springframework.test.context.BootstrapUtils - Instantiating TestContextBootstrapper for test class [com.qa.service.EmperorServiceUnitTest] from class [org.springframework.test.context.support.DefaultTestContextBootstrapper]
16:44:21.359 [main] INFO org.springframework.test.context.support.DefaultTestContextBootstrapper - Neither @ContextConfiguration nor @ContextHierarchy found for test class [com.qa.service.EmperorServiceUnitTest], using DelegatingSmartContextLoader
16:44:21.359 [main] DEBUG org.springframework.test.context.support.AbstractDelegatingSmartContextLoader - Delegating to GenericXmlContextLoader to process context configuration [ContextConfigurationAttributes@89b864 declaringClass = 'com.qa.service.EmperorServiceUnitTest', classes = '{}', locations = '{}', inheritLocations = false, initializers = '{}', inheritInitializers = true, name = [null], contextLoaderClass = 'org.springframework.test.context.ContextLoader'].
16:44:21.359 [main] DEBUG org.springframework.test.context.support.AbstractContextLoader - Did not detect default resource location for test class [com.qa.service.EmperorServiceUnitTest]: class path resource [com/qa/service/EmperorServiceUnitTest-context.xml] does not exist
16:44:21.359 [main] INFO org.springframework.test.context.support.AbstractContextLoader - Could not detect default resource locations for test class [com.qa.service.EmperorServiceUnitTest]: no resource found for suffixes {-context.xml}.
16:44:21.359 [main] DEBUG org.springframework.test.context.support.AbstractDelegatingSmartContextLoader - Delegating to AnnotationConfigContextLoader to process context configuration [ContextConfigurationAttributes@89b864 declaringClass = 'com.qa.service.EmperorServiceUnitTest', classes = '{}', locations = '{}', inheritLocations = false, initializers = '{}', inheritInitializers = true, name = [null], contextLoaderClass = 'org.springframework.test.context.ContextLoader'].
16:44:21.359 [main] INFO org.springframework.test.context.support.AnnotationConfigContextLoaderUtils - Could not detect default configuration classes for test class [com.qa.service.EmperorServiceUnitTest]: EmperorServiceUnitTest does not declare any static, non-private, non-final, nested classes annotated with @Configuration.
16:44:21.359 [main] DEBUG org.springframework.test.context.support.ActiveProfilesUtils - Could not find an 'annotation declaring class' for annotation type [org.springframework.test.context.ActiveProfiles] and class [com.qa.service.EmperorServiceUnitTest]
16:44:21.359 [main] DEBUG org.springframework.test.context.support.DefaultTestContextBootstrapper - @TestExecutionListeners is not present for class [com.qa.service.EmperorServiceUnitTest]: using defaults.
16:44:21.359 [main] INFO org.springframework.test.context.support.DefaultTestContextBootstrapper - Loaded default TestExecutionListener class names from location [META-INF/spring.factories]: [org.springframework.boot.test.mock.mockito.MockitoTestExecutionListener, org.springframework.boot.test.mock.mockito.ResetMocksTestExecutionListener, org.springframework.boot.test.autoconfigure.restdocs.RestDocsTestExecutionListener, org.springframework.boot.test.autoconfigure.web.client.MockRestServiceServerResetTestExecutionListener, org.springframework.boot.test.autoconfigure.web.servlet.MockMvcPrintOnlyOnFailureTestExecutionListener, org.springframework.boot.test.autoconfigure.web.servlet.WebDriverTestExecutionListener, org.springframework.test.context.web.ServletTestExecutionListener, org.springframework.test.context.support.DirtiesContextBeforeModesTestExecutionListener, org.springframework.test.context.support.DependencyInjectionTestExecutionListener, org.springframework.test.context.support.DirtiesContextTestExecutionListener, org.springframework.test.context.transaction.TransactionalTestExecutionListener, org.springframework.test.context.jdbc.SqlScriptsTestExecutionListener, org.springframework.test.context.event.EventPublishingTestExecutionListener]
16:44:21.359 [main] INFO org.springframework.test.context.support.DefaultTestContextBootstrapper - Using TestExecutionListeners: [org.springframework.test.context.web.ServletTestExecutionListener@d6fa, org.springframework.test.context.support.DirtiesContextBeforeModesTestExecutionListener@a62a5b, org.springframework.boot.test.mock.mockito.MockitoTestExecutionListener@1a8f0d8, org.springframework.test.context.support.DependencyInjectionTestExecutionListener@133a11, org.springframework.test.context.support.DirtiesContextTestExecutionListener@168def, org.springframework.test.context.transaction.TransactionalTestExecutionListener@1639b04, org.springframework.test.context.jdbc.SqlScriptsTestExecutionListener@1cb8580, org.springframework.test.context.event.EventPublishingTestExecutionListener@a1e49a, org.springframework.boot.test.mock.mockito.ResetMocksTestExecutionListener@ee6d14, org.springframework.boot.test.autoconfigure.restdocs.RestDocsTestExecutionListener@14a6ef6, org.springframework.boot.test.autoconfigure.web.client.MockRestServiceServerResetTestExecutionListener@740c5a, org.springframework.boot.test.autoconfigure.web.servlet.MockMvcPrintOnlyOnFailureTestExecutionListener@1d2a67a, org.springframework.boot.test.autoconfigure.web.servlet.WebDriverTestExecutionListener@3df259]
16:44:21.359 [main] DEBUG org.springframework.test.annotation.ProfileValueUtils - Retrieved @ProfileValueSourceConfiguration [null] for test class [com.qa.service.EmperorServiceUnitTest]
16:44:21.359 [main] DEBUG org.springframework.test.annotation.ProfileValueUtils - Retrieved ProfileValueSource type [class org.springframework.test.annotation.SystemProfileValueSource] for class [com.qa.service.EmperorServiceUnitTest]
16:44:21.379 [main] DEBUG org.springframework.test.context.junit4.SpringJUnit4ClassRunner - SpringJUnit4ClassRunner constructor called with [class com.qa.rest.ArticleControllerIntegrationTest]
16:44:21.379 [main] DEBUG org.springframework.test.context.BootstrapUtils - Instantiating CacheAwareContextLoaderDelegate from class [org.springframework.test.context.cache.DefaultCacheAwareContextLoaderDelegate]
16:44:21.379 [main] DEBUG org.springframework.test.context.BootstrapUtils - Instantiating BootstrapContext using constructor [public org.springframework.test.context.support.DefaultBootstrapContext(java.lang.Class,org.springframework.test.context.CacheAwareContextLoaderDelegate)]
16:44:21.379 [main] DEBUG org.springframework.test.context.BootstrapUtils - Instantiating TestContextBootstrapper for test class [com.qa.rest.ArticleControllerIntegrationTest] from class [org.springframework.boot.test.context.SpringBootTestContextBootstrapper]
16:44:21.379 [main] INFO org.springframework.boot.test.context.SpringBootTestContextBootstrapper - Neither @ContextConfiguration nor @ContextHierarchy found for test class [com.qa.rest.ArticleControllerIntegrationTest], using SpringBootContextLoader
16:44:21.379 [main] DEBUG org.springframework.test.context.support.AbstractContextLoader - Did not detect default resource location for test class [com.qa.rest.ArticleControllerIntegrationTest]: class path resource [com/qa/rest/ArticleControllerIntegrationTest-context.xml] does not exist
16:44:21.379 [main] DEBUG org.springframework.test.context.support.AbstractContextLoader - Did not detect default resource location for test class [com.qa.rest.ArticleControllerIntegrationTest]: class path resource [com/qa/rest/ArticleControllerIntegrationTestContext.groovy] does not exist
16:44:21.379 [main] INFO org.springframework.test.context.support.AbstractContextLoader - Could not detect default resource locations for test class [com.qa.rest.ArticleControllerIntegrationTest]: no resource found for suffixes {-context.xml, Context.groovy}.
16:44:21.379 [main] INFO org.springframework.test.context.support.AnnotationConfigContextLoaderUtils - Could not detect default configuration classes for test class [com.qa.rest.ArticleControllerIntegrationTest]: ArticleControllerIntegrationTest does not declare any static, non-private, non-final, nested classes annotated with @Configuration.
16:44:21.392 [main] DEBUG org.springframework.test.context.support.ActiveProfilesUtils - Could not find an 'annotation declaring class' for annotation type [org.springframework.test.context.ActiveProfiles] and class [com.qa.rest.ArticleControllerIntegrationTest]
16:44:21.392 [main] INFO org.springframework.boot.test.context.SpringBootTestContextBootstrapper - Found @SpringBootConfiguration com.qa.App for test class com.qa.rest.ArticleControllerIntegrationTest
16:44:21.392 [main] DEBUG org.springframework.boot.test.context.SpringBootTestContextBootstrapper - @TestExecutionListeners is not present for class [com.qa.rest.ArticleControllerIntegrationTest]: using defaults.
16:44:21.392 [main] INFO org.springframework.boot.test.context.SpringBootTestContextBootstrapper - Loaded default TestExecutionListener class names from location [META-INF/spring.factories]: [org.springframework.boot.test.mock.mockito.MockitoTestExecutionListener, org.springframework.boot.test.mock.mockito.ResetMocksTestExecutionListener, org.springframework.boot.test.autoconfigure.restdocs.RestDocsTestExecutionListener, org.springframework.boot.test.autoconfigure.web.client.MockRestServiceServerResetTestExecutionListener, org.springframework.boot.test.autoconfigure.web.servlet.MockMvcPrintOnlyOnFailureTestExecutionListener, org.springframework.boot.test.autoconfigure.web.servlet.WebDriverTestExecutionListener, org.springframework.test.context.web.ServletTestExecutionListener, org.springframework.test.context.support.DirtiesContextBeforeModesTestExecutionListener, org.springframework.test.context.support.DependencyInjectionTestExecutionListener, org.springframework.test.context.support.DirtiesContextTestExecutionListener, org.springframework.test.context.transaction.TransactionalTestExecutionListener, org.springframework.test.context.jdbc.SqlScriptsTestExecutionListener, org.springframework.test.context.event.EventPublishingTestExecutionListener]
16:44:21.392 [main] INFO org.springframework.boot.test.context.SpringBootTestContextBootstrapper - Using TestExecutionListeners: [org.springframework.test.context.web.ServletTestExecutionListener@1026e5c, org.springframework.test.context.support.DirtiesContextBeforeModesTestExecutionListener@421766, org.springframework.boot.test.mock.mockito.MockitoTestExecutionListener@44cb34, org.springframework.boot.test.autoconfigure.SpringBootDependencyInjectionTestExecutionListener@11e0bff, org.springframework.test.context.support.DirtiesContextTestExecutionListener@13ceb4e, org.springframework.test.context.transaction.TransactionalTestExecutionListener@1c72128, org.springframework.test.context.jdbc.SqlScriptsTestExecutionListener@1d2430f, org.springframework.test.context.event.EventPublishingTestExecutionListener@90e479, org.springframework.boot.test.mock.mockito.ResetMocksTestExecutionListener@b00cbe, org.springframework.boot.test.autoconfigure.restdocs.RestDocsTestExecutionListener@e4be21, org.springframework.boot.test.autoconfigure.web.client.MockRestServiceServerResetTestExecutionListener@1174189, org.springframework.boot.test.autoconfigure.web.servlet.MockMvcPrintOnlyOnFailureTestExecutionListener@8bd77e, org.springframework.boot.test.autoconfigure.web.servlet.WebDriverTestExecutionListener@30f26d]
16:44:21.392 [main] DEBUG org.springframework.test.annotation.ProfileValueUtils - Retrieved @ProfileValueSourceConfiguration [null] for test class [com.qa.rest.ArticleControllerIntegrationTest]
16:44:21.392 [main] DEBUG org.springframework.test.annotation.ProfileValueUtils - Retrieved ProfileValueSource type [class org.springframework.test.annotation.SystemProfileValueSource] for class [com.qa.rest.ArticleControllerIntegrationTest]
16:44:21.399 [main] DEBUG org.springframework.test.context.junit4.SpringJUnit4ClassRunner - SpringJUnit4ClassRunner constructor called with [class com.qa.rest.EmperorsControllerIntegrationTest]
16:44:21.399 [main] DEBUG org.springframework.test.context.BootstrapUtils - Instantiating CacheAwareContextLoaderDelegate from class [org.springframework.test.context.cache.DefaultCacheAwareContextLoaderDelegate]
16:44:21.399 [main] DEBUG org.springframework.test.context.BootstrapUtils - Instantiating BootstrapContext using constructor [public org.springframework.test.context.support.DefaultBootstrapContext(java.lang.Class,org.springframework.test.context.CacheAwareContextLoaderDelegate)]
16:44:21.399 [main] DEBUG org.springframework.test.context.BootstrapUtils - Instantiating TestContextBootstrapper for test class [com.qa.rest.EmperorsControllerIntegrationTest] from class [org.springframework.boot.test.context.SpringBootTestContextBootstrapper]
16:44:21.399 [main] INFO org.springframework.boot.test.context.SpringBootTestContextBootstrapper - Neither @ContextConfiguration nor @ContextHierarchy found for test class [com.qa.rest.EmperorsControllerIntegrationTest], using SpringBootContextLoader
16:44:21.399 [main] DEBUG org.springframework.test.context.support.AbstractContextLoader - Did not detect default resource location for test class [com.qa.rest.EmperorsControllerIntegrationTest]: class path resource [com/qa/rest/EmperorsControllerIntegrationTest-context.xml] does not exist
16:44:21.399 [main] DEBUG org.springframework.test.context.support.AbstractContextLoader - Did not detect default resource location for test class [com.qa.rest.EmperorsControllerIntegrationTest]: class path resource [com/qa/rest/EmperorsControllerIntegrationTestContext.groovy] does not exist
16:44:21.399 [main] INFO org.springframework.test.context.support.AbstractContextLoader - Could not detect default resource locations for test class [com.qa.rest.EmperorsControllerIntegrationTest]: no resource found for suffixes {-context.xml, Context.groovy}.
16:44:21.399 [main] INFO org.springframework.test.context.support.AnnotationConfigContextLoaderUtils - Could not detect default configuration classes for test class [com.qa.rest.EmperorsControllerIntegrationTest]: EmperorsControllerIntegrationTest does not declare any static, non-private, non-final, nested classes annotated with @Configuration.
16:44:21.409 [main] DEBUG org.springframework.test.context.support.ActiveProfilesUtils - Could not find an 'annotation declaring class' for annotation type [org.springframework.test.context.ActiveProfiles] and class [com.qa.rest.EmperorsControllerIntegrationTest]
16:44:21.409 [main] INFO org.springframework.boot.test.context.SpringBootTestContextBootstrapper - Found @SpringBootConfiguration com.qa.App for test class com.qa.rest.EmperorsControllerIntegrationTest
16:44:21.409 [main] DEBUG org.springframework.boot.test.context.SpringBootTestContextBootstrapper - @TestExecutionListeners is not present for class [com.qa.rest.EmperorsControllerIntegrationTest]: using defaults.
16:44:21.409 [main] INFO org.springframework.boot.test.context.SpringBootTestContextBootstrapper - Loaded default TestExecutionListener class names from location [META-INF/spring.factories]: [org.springframework.boot.test.mock.mockito.MockitoTestExecutionListener, org.springframework.boot.test.mock.mockito.ResetMocksTestExecutionListener, org.springframework.boot.test.autoconfigure.restdocs.RestDocsTestExecutionListener, org.springframework.boot.test.autoconfigure.web.client.MockRestServiceServerResetTestExecutionListener, org.springframework.boot.test.autoconfigure.web.servlet.MockMvcPrintOnlyOnFailureTestExecutionListener, org.springframework.boot.test.autoconfigure.web.servlet.WebDriverTestExecutionListener, org.springframework.test.context.web.ServletTestExecutionListener, org.springframework.test.context.support.DirtiesContextBeforeModesTestExecutionListener, org.springframework.test.context.support.DependencyInjectionTestExecutionListener, org.springframework.test.context.support.DirtiesContextTestExecutionListener, org.springframework.test.context.transaction.TransactionalTestExecutionListener, org.springframework.test.context.jdbc.SqlScriptsTestExecutionListener, org.springframework.test.context.event.EventPublishingTestExecutionListener]
16:44:21.409 [main] INFO org.springframework.boot.test.context.SpringBootTestContextBootstrapper - Using TestExecutionListeners: [org.springframework.test.context.web.ServletTestExecutionListener@9b43a, org.springframework.test.context.support.DirtiesContextBeforeModesTestExecutionListener@1da4a5d, org.springframework.boot.test.mock.mockito.MockitoTestExecutionListener@1be8fd3, org.springframework.boot.test.autoconfigure.SpringBootDependencyInjectionTestExecutionListener@b268bd, org.springframework.test.context.support.DirtiesContextTestExecutionListener@1afa7b5, org.springframework.test.context.transaction.TransactionalTestExecutionListener@1098bf, org.springframework.test.context.jdbc.SqlScriptsTestExecutionListener@12b5c79, org.springframework.test.context.event.EventPublishingTestExecutionListener@552721, org.springframework.boot.test.mock.mockito.ResetMocksTestExecutionListener@15a7d1, org.springframework.boot.test.autoconfigure.restdocs.RestDocsTestExecutionListener@dc150c, org.springframework.boot.test.autoconfigure.web.client.MockRestServiceServerResetTestExecutionListener@12d4d7a, org.springframework.boot.test.autoconfigure.web.servlet.MockMvcPrintOnlyOnFailureTestExecutionListener@20dd1, org.springframework.boot.test.autoconfigure.web.servlet.WebDriverTestExecutionListener@1bc02ef]
16:44:21.409 [main] DEBUG org.springframework.test.annotation.ProfileValueUtils - Retrieved @ProfileValueSourceConfiguration [null] for test class [com.qa.rest.EmperorsControllerIntegrationTest]
16:44:21.409 [main] DEBUG org.springframework.test.annotation.ProfileValueUtils - Retrieved ProfileValueSource type [class org.springframework.test.annotation.SystemProfileValueSource] for class [com.qa.rest.EmperorsControllerIntegrationTest]
16:44:21.409 [main] DEBUG org.springframework.test.context.junit4.SpringJUnit4ClassRunner - SpringJUnit4ClassRunner constructor called with [class com.qa.service.ArticleServiceIntegrationTest]
16:44:21.409 [main] DEBUG org.springframework.test.context.BootstrapUtils - Instantiating CacheAwareContextLoaderDelegate from class [org.springframework.test.context.cache.DefaultCacheAwareContextLoaderDelegate]
16:44:21.409 [main] DEBUG org.springframework.test.context.BootstrapUtils - Instantiating BootstrapContext using constructor [public org.springframework.test.context.support.DefaultBootstrapContext(java.lang.Class,org.springframework.test.context.CacheAwareContextLoaderDelegate)]
16:44:21.409 [main] DEBUG org.springframework.test.context.BootstrapUtils - Instantiating TestContextBootstrapper for test class [com.qa.service.ArticleServiceIntegrationTest] from class [org.springframework.boot.test.context.SpringBootTestContextBootstrapper]
16:44:21.409 [main] INFO org.springframework.boot.test.context.SpringBootTestContextBootstrapper - Neither @ContextConfiguration nor @ContextHierarchy found for test class [com.qa.service.ArticleServiceIntegrationTest], using SpringBootContextLoader
16:44:21.409 [main] DEBUG org.springframework.test.context.support.AbstractContextLoader - Did not detect default resource location for test class [com.qa.service.ArticleServiceIntegrationTest]: class path resource [com/qa/service/ArticleServiceIntegrationTest-context.xml] does not exist
16:44:21.409 [main] DEBUG org.springframework.test.context.support.AbstractContextLoader - Did not detect default resource location for test class [com.qa.service.ArticleServiceIntegrationTest]: class path resource [com/qa/service/ArticleServiceIntegrationTestContext.groovy] does not exist
16:44:21.409 [main] INFO org.springframework.test.context.support.AbstractContextLoader - Could not detect default resource locations for test class [com.qa.service.ArticleServiceIntegrationTest]: no resource found for suffixes {-context.xml, Context.groovy}.
16:44:21.409 [main] INFO org.springframework.test.context.support.AnnotationConfigContextLoaderUtils - Could not detect default configuration classes for test class [com.qa.service.ArticleServiceIntegrationTest]: ArticleServiceIntegrationTest does not declare any static, non-private, non-final, nested classes annotated with @Configuration.
16:44:21.409 [main] DEBUG org.springframework.test.context.support.ActiveProfilesUtils - Could not find an 'annotation declaring class' for annotation type [org.springframework.test.context.ActiveProfiles] and class [com.qa.service.ArticleServiceIntegrationTest]
16:44:21.419 [main] INFO org.springframework.boot.test.context.SpringBootTestContextBootstrapper - Found @SpringBootConfiguration com.qa.App for test class com.qa.service.ArticleServiceIntegrationTest
16:44:21.419 [main] DEBUG org.springframework.boot.test.context.SpringBootTestContextBootstrapper - @TestExecutionListeners is not present for class [com.qa.service.ArticleServiceIntegrationTest]: using defaults.
16:44:21.419 [main] INFO org.springframework.boot.test.context.SpringBootTestContextBootstrapper - Loaded default TestExecutionListener class names from location [META-INF/spring.factories]: [org.springframework.boot.test.mock.mockito.MockitoTestExecutionListener, org.springframework.boot.test.mock.mockito.ResetMocksTestExecutionListener, org.springframework.boot.test.autoconfigure.restdocs.RestDocsTestExecutionListener, org.springframework.boot.test.autoconfigure.web.client.MockRestServiceServerResetTestExecutionListener, org.springframework.boot.test.autoconfigure.web.servlet.MockMvcPrintOnlyOnFailureTestExecutionListener, org.springframework.boot.test.autoconfigure.web.servlet.WebDriverTestExecutionListener, org.springframework.test.context.web.ServletTestExecutionListener, org.springframework.test.context.support.DirtiesContextBeforeModesTestExecutionListener, org.springframework.test.context.support.DependencyInjectionTestExecutionListener, org.springframework.test.context.support.DirtiesContextTestExecutionListener, org.springframework.test.context.transaction.TransactionalTestExecutionListener, org.springframework.test.context.jdbc.SqlScriptsTestExecutionListener, org.springframework.test.context.event.EventPublishingTestExecutionListener]
16:44:21.419 [main] INFO org.springframework.boot.test.context.SpringBootTestContextBootstrapper - Using TestExecutionListeners: [org.springframework.test.context.web.ServletTestExecutionListener@19ff1e2, org.springframework.test.context.support.DirtiesContextBeforeModesTestExecutionListener@2b3ba2, org.springframework.boot.test.mock.mockito.MockitoTestExecutionListener@87f7f8, org.springframework.boot.test.autoconfigure.SpringBootDependencyInjectionTestExecutionListener@162475a, org.springframework.test.context.support.DirtiesContextTestExecutionListener@190b335, org.springframework.test.context.transaction.TransactionalTestExecutionListener@4d778e, org.springframework.test.context.jdbc.SqlScriptsTestExecutionListener@1ae6408, org.springframework.test.context.event.EventPublishingTestExecutionListener@cfacf0, org.springframework.boot.test.mock.mockito.ResetMocksTestExecutionListener@8abec7, org.springframework.boot.test.autoconfigure.restdocs.RestDocsTestExecutionListener@1f241df, org.springframework.boot.test.autoconfigure.web.client.MockRestServiceServerResetTestExecutionListener@136f34d, org.springframework.boot.test.autoconfigure.web.servlet.MockMvcPrintOnlyOnFailureTestExecutionListener@e36677, org.springframework.boot.test.autoconfigure.web.servlet.WebDriverTestExecutionListener@186826a]
16:44:21.419 [main] DEBUG org.springframework.test.annotation.ProfileValueUtils - Retrieved @ProfileValueSourceConfiguration [null] for test class [com.qa.service.ArticleServiceIntegrationTest]
16:44:21.419 [main] DEBUG org.springframework.test.annotation.ProfileValueUtils - Retrieved ProfileValueSource type [class org.springframework.test.annotation.SystemProfileValueSource] for class [com.qa.service.ArticleServiceIntegrationTest]
16:44:21.419 [main] DEBUG org.springframework.test.context.junit4.SpringJUnit4ClassRunner - SpringJUnit4ClassRunner constructor called with [class com.qa.service.ArticleServiceUnitTest]
16:44:21.419 [main] DEBUG org.springframework.test.context.BootstrapUtils - Instantiating CacheAwareContextLoaderDelegate from class [org.springframework.test.context.cache.DefaultCacheAwareContextLoaderDelegate]
16:44:21.419 [main] DEBUG org.springframework.test.context.BootstrapUtils - Instantiating BootstrapContext using constructor [public org.springframework.test.context.support.DefaultBootstrapContext(java.lang.Class,org.springframework.test.context.CacheAwareContextLoaderDelegate)]
16:44:21.419 [main] DEBUG org.springframework.test.context.BootstrapUtils - Instantiating TestContextBootstrapper for test class [com.qa.service.ArticleServiceUnitTest] from class [org.springframework.test.context.support.DefaultTestContextBootstrapper]
16:44:21.419 [main] INFO org.springframework.test.context.support.DefaultTestContextBootstrapper - Neither @ContextConfiguration nor @ContextHierarchy found for test class [com.qa.service.ArticleServiceUnitTest], using DelegatingSmartContextLoader
16:44:21.419 [main] DEBUG org.springframework.test.context.support.AbstractDelegatingSmartContextLoader - Delegating to GenericXmlContextLoader to process context configuration [ContextConfigurationAttributes@caae19 declaringClass = 'com.qa.service.ArticleServiceUnitTest', classes = '{}', locations = '{}', inheritLocations = false, initializers = '{}', inheritInitializers = true, name = [null], contextLoaderClass = 'org.springframework.test.context.ContextLoader'].
16:44:21.419 [main] DEBUG org.springframework.test.context.support.AbstractContextLoader - Did not detect default resource location for test class [com.qa.service.ArticleServiceUnitTest]: class path resource [com/qa/service/ArticleServiceUnitTest-context.xml] does not exist
16:44:21.419 [main] INFO org.springframework.test.context.support.AbstractContextLoader - Could not detect default resource locations for test class [com.qa.service.ArticleServiceUnitTest]: no resource found for suffixes {-context.xml}.
16:44:21.419 [main] DEBUG org.springframework.test.context.support.AbstractDelegatingSmartContextLoader - Delegating to AnnotationConfigContextLoader to process context configuration [ContextConfigurationAttributes@caae19 declaringClass = 'com.qa.service.ArticleServiceUnitTest', classes = '{}', locations = '{}', inheritLocations = false, initializers = '{}', inheritInitializers = true, name = [null], contextLoaderClass = 'org.springframework.test.context.ContextLoader'].
16:44:21.419 [main] INFO org.springframework.test.context.support.AnnotationConfigContextLoaderUtils - Could not detect default configuration classes for test class [com.qa.service.ArticleServiceUnitTest]: ArticleServiceUnitTest does not declare any static, non-private, non-final, nested classes annotated with @Configuration.
16:44:21.419 [main] DEBUG org.springframework.test.context.support.ActiveProfilesUtils - Could not find an 'annotation declaring class' for annotation type [org.springframework.test.context.ActiveProfiles] and class [com.qa.service.ArticleServiceUnitTest]
16:44:21.419 [main] DEBUG org.springframework.test.context.support.DefaultTestContextBootstrapper - @TestExecutionListeners is not present for class [com.qa.service.ArticleServiceUnitTest]: using defaults.
16:44:21.419 [main] INFO org.springframework.test.context.support.DefaultTestContextBootstrapper - Loaded default TestExecutionListener class names from location [META-INF/spring.factories]: [org.springframework.boot.test.mock.mockito.MockitoTestExecutionListener, org.springframework.boot.test.mock.mockito.ResetMocksTestExecutionListener, org.springframework.boot.test.autoconfigure.restdocs.RestDocsTestExecutionListener, org.springframework.boot.test.autoconfigure.web.client.MockRestServiceServerResetTestExecutionListener, org.springframework.boot.test.autoconfigure.web.servlet.MockMvcPrintOnlyOnFailureTestExecutionListener, org.springframework.boot.test.autoconfigure.web.servlet.WebDriverTestExecutionListener, org.springframework.test.context.web.ServletTestExecutionListener, org.springframework.test.context.support.DirtiesContextBeforeModesTestExecutionListener, org.springframework.test.context.support.DependencyInjectionTestExecutionListener, org.springframework.test.context.support.DirtiesContextTestExecutionListener, org.springframework.test.context.transaction.TransactionalTestExecutionListener, org.springframework.test.context.jdbc.SqlScriptsTestExecutionListener, org.springframework.test.context.event.EventPublishingTestExecutionListener]
16:44:21.419 [main] INFO org.springframework.test.context.support.DefaultTestContextBootstrapper - Using TestExecutionListeners: [org.springframework.test.context.web.ServletTestExecutionListener@e67c06, org.springframework.test.context.support.DirtiesContextBeforeModesTestExecutionListener@1c59ab7, org.springframework.boot.test.mock.mockito.MockitoTestExecutionListener@10f53b2, org.springframework.test.context.support.DependencyInjectionTestExecutionListener@5287ec, org.springframework.test.context.support.DirtiesContextTestExecutionListener@107d96c, org.springframework.test.context.transaction.TransactionalTestExecutionListener@10f559, org.springframework.test.context.jdbc.SqlScriptsTestExecutionListener@1b9ba6a, org.springframework.test.context.event.EventPublishingTestExecutionListener@1e62956, org.springframework.boot.test.mock.mockito.ResetMocksTestExecutionListener@e143ff, org.springframework.boot.test.autoconfigure.restdocs.RestDocsTestExecutionListener@12ec287, org.springframework.boot.test.autoconfigure.web.client.MockRestServiceServerResetTestExecutionListener@1404aa2, org.springframework.boot.test.autoconfigure.web.servlet.MockMvcPrintOnlyOnFailureTestExecutionListener@1267745, org.springframework.boot.test.autoconfigure.web.servlet.WebDriverTestExecutionListener@1e22365]
16:44:21.419 [main] DEBUG org.springframework.test.annotation.ProfileValueUtils - Retrieved @ProfileValueSourceConfiguration [null] for test class [com.qa.service.ArticleServiceUnitTest]
16:44:21.419 [main] DEBUG org.springframework.test.annotation.ProfileValueUtils - Retrieved ProfileValueSource type [class org.springframework.test.annotation.SystemProfileValueSource] for class [com.qa.service.ArticleServiceUnitTest]
16:44:21.429 [main] DEBUG org.springframework.test.context.junit4.SpringJUnit4ClassRunner - SpringJUnit4ClassRunner constructor called with [class com.qa.service.EmperorServiceIntegrationTest]
16:44:21.429 [main] DEBUG org.springframework.test.context.BootstrapUtils - Instantiating CacheAwareContextLoaderDelegate from class [org.springframework.test.context.cache.DefaultCacheAwareContextLoaderDelegate]
16:44:21.429 [main] DEBUG org.springframework.test.context.BootstrapUtils - Instantiating BootstrapContext using constructor [public org.springframework.test.context.support.DefaultBootstrapContext(java.lang.Class,org.springframework.test.context.CacheAwareContextLoaderDelegate)]
16:44:21.429 [main] DEBUG org.springframework.test.context.BootstrapUtils - Instantiating TestContextBootstrapper for test class [com.qa.service.EmperorServiceIntegrationTest] from class [org.springframework.boot.test.context.SpringBootTestContextBootstrapper]
16:44:21.429 [main] INFO org.springframework.boot.test.context.SpringBootTestContextBootstrapper - Neither @ContextConfiguration nor @ContextHierarchy found for test class [com.qa.service.EmperorServiceIntegrationTest], using SpringBootContextLoader
16:44:21.429 [main] DEBUG org.springframework.test.context.support.AbstractContextLoader - Did not detect default resource location for test class [com.qa.service.EmperorServiceIntegrationTest]: class path resource [com/qa/service/EmperorServiceIntegrationTest-context.xml] does not exist
16:44:21.429 [main] DEBUG org.springframework.test.context.support.AbstractContextLoader - Did not detect default resource location for test class [com.qa.service.EmperorServiceIntegrationTest]: class path resource [com/qa/service/EmperorServiceIntegrationTestContext.groovy] does not exist
16:44:21.429 [main] INFO org.springframework.test.context.support.AbstractContextLoader - Could not detect default resource locations for test class [com.qa.service.EmperorServiceIntegrationTest]: no resource found for suffixes {-context.xml, Context.groovy}.
16:44:21.429 [main] INFO org.springframework.test.context.support.AnnotationConfigContextLoaderUtils - Could not detect default configuration classes for test class [com.qa.service.EmperorServiceIntegrationTest]: EmperorServiceIntegrationTest does not declare any static, non-private, non-final, nested classes annotated with @Configuration.
16:44:21.429 [main] DEBUG org.springframework.test.context.support.ActiveProfilesUtils - Could not find an 'annotation declaring class' for annotation type [org.springframework.test.context.ActiveProfiles] and class [com.qa.service.EmperorServiceIntegrationTest]
16:44:21.429 [main] INFO org.springframework.boot.test.context.SpringBootTestContextBootstrapper - Found @SpringBootConfiguration com.qa.App for test class com.qa.service.EmperorServiceIntegrationTest
16:44:21.438 [main] DEBUG org.springframework.boot.test.context.SpringBootTestContextBootstrapper - @TestExecutionListeners is not present for class [com.qa.service.EmperorServiceIntegrationTest]: using defaults.
16:44:21.438 [main] INFO org.springframework.boot.test.context.SpringBootTestContextBootstrapper - Loaded default TestExecutionListener class names from location [META-INF/spring.factories]: [org.springframework.boot.test.mock.mockito.MockitoTestExecutionListener, org.springframework.boot.test.mock.mockito.ResetMocksTestExecutionListener, org.springframework.boot.test.autoconfigure.restdocs.RestDocsTestExecutionListener, org.springframework.boot.test.autoconfigure.web.client.MockRestServiceServerResetTestExecutionListener, org.springframework.boot.test.autoconfigure.web.servlet.MockMvcPrintOnlyOnFailureTestExecutionListener, org.springframework.boot.test.autoconfigure.web.servlet.WebDriverTestExecutionListener, org.springframework.test.context.web.ServletTestExecutionListener, org.springframework.test.context.support.DirtiesContextBeforeModesTestExecutionListener, org.springframework.test.context.support.DependencyInjectionTestExecutionListener, org.springframework.test.context.support.DirtiesContextTestExecutionListener, org.springframework.test.context.transaction.TransactionalTestExecutionListener, org.springframework.test.context.jdbc.SqlScriptsTestExecutionListener, org.springframework.test.context.event.EventPublishingTestExecutionListener]
16:44:21.438 [main] INFO org.springframework.boot.test.context.SpringBootTestContextBootstrapper - Using TestExecutionListeners: [org.springframework.test.context.web.ServletTestExecutionListener@5f0038, org.springframework.test.context.support.DirtiesContextBeforeModesTestExecutionListener@9a4b90, org.springframework.boot.test.mock.mockito.MockitoTestExecutionListener@3c4b3e, org.springframework.boot.test.autoconfigure.SpringBootDependencyInjectionTestExecutionListener@146fb8c, org.springframework.test.context.support.DirtiesContextTestExecutionListener@1e46d9c, org.springframework.test.context.transaction.TransactionalTestExecutionListener@1d877bb, org.springframework.test.context.jdbc.SqlScriptsTestExecutionListener@1c5a105, org.springframework.test.context.event.EventPublishingTestExecutionListener@12fa72a, org.springframework.boot.test.mock.mockito.ResetMocksTestExecutionListener@13fab1e, org.springframework.boot.test.autoconfigure.restdocs.RestDocsTestExecutionListener@1d87b2d, org.springframework.boot.test.autoconfigure.web.client.MockRestServiceServerResetTestExecutionListener@10135da, org.springframework.boot.test.autoconfigure.web.servlet.MockMvcPrintOnlyOnFailureTestExecutionListener@123dce7, org.springframework.boot.test.autoconfigure.web.servlet.WebDriverTestExecutionListener@168eec6]
16:44:21.438 [main] DEBUG org.springframework.test.annotation.ProfileValueUtils - Retrieved @ProfileValueSourceConfiguration [null] for test class [com.qa.service.EmperorServiceIntegrationTest]
16:44:21.438 [main] DEBUG org.springframework.test.annotation.ProfileValueUtils - Retrieved ProfileValueSource type [class org.springframework.test.annotation.SystemProfileValueSource] for class [com.qa.service.EmperorServiceIntegrationTest]
16:44:21.438 [main] DEBUG org.springframework.test.context.junit4.SpringJUnit4ClassRunner - SpringJUnit4ClassRunner constructor called with [class com.qa.service.EmperorServiceUnitTest]
16:44:21.438 [main] DEBUG org.springframework.test.context.BootstrapUtils - Instantiating CacheAwareContextLoaderDelegate from class [org.springframework.test.context.cache.DefaultCacheAwareContextLoaderDelegate]
16:44:21.438 [main] DEBUG org.springframework.test.context.BootstrapUtils - Instantiating BootstrapContext using constructor [public org.springframework.test.context.support.DefaultBootstrapContext(java.lang.Class,org.springframework.test.context.CacheAwareContextLoaderDelegate)]
16:44:21.438 [main] DEBUG org.springframework.test.context.BootstrapUtils - Instantiating TestContextBootstrapper for test class [com.qa.service.EmperorServiceUnitTest] from class [org.springframework.test.context.support.DefaultTestContextBootstrapper]
16:44:21.438 [main] INFO org.springframework.test.context.support.DefaultTestContextBootstrapper - Neither @ContextConfiguration nor @ContextHierarchy found for test class [com.qa.service.EmperorServiceUnitTest], using DelegatingSmartContextLoader
16:44:21.438 [main] DEBUG org.springframework.test.context.support.AbstractDelegatingSmartContextLoader - Delegating to GenericXmlContextLoader to process context configuration [ContextConfigurationAttributes@b7497b declaringClass = 'com.qa.service.EmperorServiceUnitTest', classes = '{}', locations = '{}', inheritLocations = false, initializers = '{}', inheritInitializers = true, name = [null], contextLoaderClass = 'org.springframework.test.context.ContextLoader'].
16:44:21.438 [main] DEBUG org.springframework.test.context.support.AbstractContextLoader - Did not detect default resource location for test class [com.qa.service.EmperorServiceUnitTest]: class path resource [com/qa/service/EmperorServiceUnitTest-context.xml] does not exist
16:44:21.438 [main] INFO org.springframework.test.context.support.AbstractContextLoader - Could not detect default resource locations for test class [com.qa.service.EmperorServiceUnitTest]: no resource found for suffixes {-context.xml}.
16:44:21.438 [main] DEBUG org.springframework.test.context.support.AbstractDelegatingSmartContextLoader - Delegating to AnnotationConfigContextLoader to process context configuration [ContextConfigurationAttributes@b7497b declaringClass = 'com.qa.service.EmperorServiceUnitTest', classes = '{}', locations = '{}', inheritLocations = false, initializers = '{}', inheritInitializers = true, name = [null], contextLoaderClass = 'org.springframework.test.context.ContextLoader'].
16:44:21.438 [main] INFO org.springframework.test.context.support.AnnotationConfigContextLoaderUtils - Could not detect default configuration classes for test class [com.qa.service.EmperorServiceUnitTest]: EmperorServiceUnitTest does not declare any static, non-private, non-final, nested classes annotated with @Configuration.
16:44:21.438 [main] DEBUG org.springframework.test.context.support.ActiveProfilesUtils - Could not find an 'annotation declaring class' for annotation type [org.springframework.test.context.ActiveProfiles] and class [com.qa.service.EmperorServiceUnitTest]
[...]
	at org.springframework.beans.factory.support.DefaultSingletonBeanRegistry.getSingleton(DefaultSingletonBeanRegistry.java:222) ~[spring-beans-5.2.0.RELEASE.jar:5.2.0.RELEASE]
	at org.springframework.beans.factory.support.AbstractBeanFactory.doGetBean(AbstractBeanFactory.java:321) ~[spring-beans-5.2.0.RELEASE.jar:5.2.0.RELEASE]
	at org.springframework.beans.factory.support.AbstractBeanFactory.getBean(AbstractBeanFactory.java:207) ~[spring-beans-5.2.0.RELEASE.jar:5.2.0.RELEASE]
	at org.springframework.boot.web.servlet.ServletContextInitializerBeans.getOrderedBeansOfType(ServletContextInitializerBeans.java:211) ~[spring-boot-2.2.0.RELEASE.jar:2.2.0.RELEASE]
	at org.springframework.boot.web.servlet.ServletContextInitializerBeans.getOrderedBeansOfType(ServletContextInitializerBeans.java:202) ~[spring-boot-2.2.0.RELEASE.jar:2.2.0.RELEASE]
	at org.springframework.boot.web.servlet.ServletContextInitializerBeans.addServletContextInitializerBeans(ServletContextInitializerBeans.java:96) ~[spring-boot-2.2.0.RELEASE.jar:2.2.0.RELEASE]
	at org.springframework.boot.web.servlet.ServletContextInitializerBeans.<init>(ServletContextInitializerBeans.java:85) ~[spring-boot-2.2.0.RELEASE.jar:2.2.0.RELEASE]
	at org.springframework.boot.web.servlet.context.ServletWebServerApplicationContext.getServletContextInitializerBeans(ServletWebServerApplicationContext.java:253) ~[spring-boot-2.2.0.RELEASE.jar:2.2.0.RELEASE]
	at org.springframework.boot.web.servlet.context.ServletWebServerApplicationContext.selfInitialize(ServletWebServerApplicationContext.java:227) ~[spring-boot-2.2.0.RELEASE.jar:2.2.0.RELEASE]
	at org.springframework.boot.web.embedded.tomcat.TomcatStarter.onStartup(TomcatStarter.java:53) ~[spring-boot-2.2.0.RELEASE.jar:2.2.0.RELEASE]
	at org.apache.catalina.core.StandardContext.startInternal(StandardContext.java:5135) ~[tomcat-embed-core-9.0.27.jar:9.0.27]
	at org.apache.catalina.util.LifecycleBase.start(LifecycleBase.java:183) ~[tomcat-embed-core-9.0.27.jar:9.0.27]
	at org.apache.catalina.core.ContainerBase$StartChild.call(ContainerBase.java:1384) ~[tomcat-embed-core-9.0.27.jar:9.0.27]
	at org.apache.catalina.core.ContainerBase$StartChild.call(ContainerBase.java:1374) ~[tomcat-embed-core-9.0.27.jar:9.0.27]
	at java.util.concurrent.FutureTask.run(FutureTask.java:266) ~[na:1.8.0_241]
	at org.apache.tomcat.util.threads.InlineExecutorService.execute(InlineExecutorService.java:75) ~[tomcat-embed-core-9.0.27.jar:9.0.27]
	at java.util.concurrent.AbstractExecutorService.submit(AbstractExecutorService.java:134) ~[na:1.8.0_241]
	at org.apache.catalina.core.ContainerBase.startInternal(ContainerBase.java:909) ~[tomcat-embed-core-9.0.27.jar:9.0.27]
	at org.apache.catalina.core.StandardHost.startInternal(StandardHost.java:841) ~[tomcat-embed-core-9.0.27.jar:9.0.27]
	at org.apache.catalina.util.LifecycleBase.start(LifecycleBase.java:183) ~[tomcat-embed-core-9.0.27.jar:9.0.27]
	at org.apache.catalina.core.ContainerBase$StartChild.call(ContainerBase.java:1384) ~[tomcat-embed-core-9.0.27.jar:9.0.27]
	at org.apache.catalina.core.ContainerBase$StartChild.call(ContainerBase.java:1374) ~[tomcat-embed-core-9.0.27.jar:9.0.27]
	at java.util.concurrent.FutureTask.run(FutureTask.java:266) ~[na:1.8.0_241]
	at org.apache.tomcat.util.threads.InlineExecutorService.execute(InlineExecutorService.java:75) ~[tomcat-embed-core-9.0.27.jar:9.0.27]
	at java.util.concurrent.AbstractExecutorService.submit(AbstractExecutorService.java:134) ~[na:1.8.0_241]
	at org.apache.catalina.core.ContainerBase.startInternal(ContainerBase.java:909) ~[tomcat-embed-core-9.0.27.jar:9.0.27]
	at org.apache.catalina.core.StandardEngine.startInternal(StandardEngine.java:262) ~[tomcat-embed-core-9.0.27.jar:9.0.27]
	at org.apache.catalina.util.LifecycleBase.start(LifecycleBase.java:183) ~[tomcat-embed-core-9.0.27.jar:9.0.27]
	at org.apache.catalina.core.StandardService.startInternal(StandardService.java:421) ~[tomcat-embed-core-9.0.27.jar:9.0.27]
	at org.apache.catalina.util.LifecycleBase.start(LifecycleBase.java:183) ~[tomcat-embed-core-9.0.27.jar:9.0.27]
	at org.apache.catalina.core.StandardServer.startInternal(StandardServer.java:930) ~[tomcat-embed-core-9.0.27.jar:9.0.27]
	at org.apache.catalina.util.LifecycleBase.start(LifecycleBase.java:183) ~[tomcat-embed-core-9.0.27.jar:9.0.27]
	at org.apache.catalina.startup.Tomcat.start(Tomcat.java:459) ~[tomcat-embed-core-9.0.27.jar:9.0.27]
	at org.springframework.boot.web.embedded.tomcat.TomcatWebServer.initialize(TomcatWebServer.java:107) ~[spring-boot-2.2.0.RELEASE.jar:2.2.0.RELEASE]
	... 57 common frames omitted
Caused by: org.springframework.beans.BeanInstantiationException: Failed to instantiate [org.springframework.boot.web.servlet.ServletRegistrationBean]: Factory method 'h2Console' threw exception; nested exception is org.springframework.beans.factory.UnsatisfiedDependencyException: Error creating bean with name 'dataSource' defined in class path resource [org/springframework/boot/autoconfigure/jdbc/DataSourceConfiguration$Hikari.class]: Unsatisfied dependency expressed through method 'dataSource' parameter 0; nested exception is org.springframework.beans.factory.UnsatisfiedDependencyException: Error creating bean with name 'cloudSqlDataSourceProperties' defined in class path resource [org/springframework/cloud/gcp/autoconfigure/sql/GcpCloudSqlAutoConfiguration$CloudSqlDataSourcePropertiesConfiguration.class]: Unsatisfied dependency expressed through method 'cloudSqlDataSourceProperties' parameter 3; nested exception is org.springframework.beans.factory.BeanCreationException: Error creating bean with name 'defaultMySqlJdbcInfoProvider' defined in class path resource [org/springframework/cloud/gcp/autoconfigure/sql/GcpCloudSqlAutoConfiguration$MySqlJdbcInfoProviderConfiguration.class]: Bean instantiation via factory method failed; nested exception is org.springframework.beans.BeanInstantiationException: Failed to instantiate [org.springframework.cloud.gcp.autoconfigure.sql.CloudSqlJdbcInfoProvider]: Factory method 'defaultMySqlJdbcInfoProvider' threw exception; nested exception is java.lang.IllegalArgumentException: A database name must be provided.
	at org.springframework.beans.factory.support.SimpleInstantiationStrategy.instantiate(SimpleInstantiationStrategy.java:185) ~[spring-beans-5.2.0.RELEASE.jar:5.2.0.RELEASE]
	at org.springframework.beans.factory.support.ConstructorResolver.instantiate(ConstructorResolver.java:640) ~[spring-beans-5.2.0.RELEASE.jar:5.2.0.RELEASE]
	... 97 common frames omitted
Caused by: org.springframework.beans.factory.UnsatisfiedDependencyException: Error creating bean with name 'dataSource' defined in class path resource [org/springframework/boot/autoconfigure/jdbc/DataSourceConfiguration$Hikari.class]: Unsatisfied dependency expressed through method 'dataSource' parameter 0; nested exception is org.springframework.beans.factory.UnsatisfiedDependencyException: Error creating bean with name 'cloudSqlDataSourceProperties' defined in class path resource [org/springframework/cloud/gcp/autoconfigure/sql/GcpCloudSqlAutoConfiguration$CloudSqlDataSourcePropertiesConfiguration.class]: Unsatisfied dependency expressed through method 'cloudSqlDataSourceProperties' parameter 3; nested exception is org.springframework.beans.factory.BeanCreationException: Error creating bean with name 'defaultMySqlJdbcInfoProvider' defined in class path resource [org/springframework/cloud/gcp/autoconfigure/sql/GcpCloudSqlAutoConfiguration$MySqlJdbcInfoProviderConfiguration.class]: Bean instantiation via factory method failed; nested exception is org.springframework.beans.BeanInstantiationException: Failed to instantiate [org.springframework.cloud.gcp.autoconfigure.sql.CloudSqlJdbcInfoProvider]: Factory method 'defaultMySqlJdbcInfoProvider' threw exception; nested exception is java.lang.IllegalArgumentException: A database name must be provided.
	at org.springframework.beans.factory.support.ConstructorResolver.createArgumentArray(ConstructorResolver.java:787) ~[spring-beans-5.2.0.RELEASE.jar:5.2.0.RELEASE]
	at org.springframework.beans.factory.support.ConstructorResolver.instantiateUsingFactoryMethod(ConstructorResolver.java:528) ~[spring-beans-5.2.0.RELEASE.jar:5.2.0.RELEASE]
	at org.springframework.beans.factory.support.AbstractAutowireCapableBeanFactory.instantiateUsingFactoryMethod(AbstractAutowireCapableBeanFactory.java:1338) ~[spring-beans-5.2.0.RELEASE.jar:5.2.0.RELEASE]
	at org.springframework.beans.factory.support.AbstractAutowireCapableBeanFactory.createBeanInstance(AbstractAutowireCapableBeanFactory.java:1177) ~[spring-beans-5.2.0.RELEASE.jar:5.2.0.RELEASE]
	at org.springframework.beans.factory.support.AbstractAutowireCapableBeanFactory.doCreateBean(AbstractAutowireCapableBeanFactory.java:557) ~[spring-beans-5.2.0.RELEASE.jar:5.2.0.RELEASE]
	at org.springframework.beans.factory.support.AbstractAutowireCapableBeanFactory.createBean(AbstractAutowireCapableBeanFactory.java:517) ~[spring-beans-5.2.0.RELEASE.jar:5.2.0.RELEASE]
	at org.springframework.beans.factory.support.AbstractBeanFactory.lambda$doGetBean$0(AbstractBeanFactory.java:323) ~[spring-beans-5.2.0.RELEASE.jar:5.2.0.RELEASE]
	at org.springframework.beans.factory.support.DefaultSingletonBeanRegistry.getSingleton(DefaultSingletonBeanRegistry.java:222) ~[spring-beans-5.2.0.RELEASE.jar:5.2.0.RELEASE]
	at org.springframework.beans.factory.support.AbstractBeanFactory.doGetBean(AbstractBeanFactory.java:321) ~[spring-beans-5.2.0.RELEASE.jar:5.2.0.RELEASE]
	at org.springframework.beans.factory.support.AbstractBeanFactory.getBean(AbstractBeanFactory.java:202) ~[spring-beans-5.2.0.RELEASE.jar:5.2.0.RELEASE]
	at org.springframework.beans.factory.config.DependencyDescriptor.resolveCandidate(DependencyDescriptor.java:276) ~[spring-beans-5.2.0.RELEASE.jar:5.2.0.RELEASE]
	at org.springframework.beans.factory.support.DefaultListableBeanFactory.doResolveDependency(DefaultListableBeanFactory.java:1287) ~[spring-beans-5.2.0.RELEASE.jar:5.2.0.RELEASE]
	at org.springframework.beans.factory.support.DefaultListableBeanFactory$DependencyObjectProvider.getIfAvailable(DefaultListableBeanFactory.java:1920) ~[spring-beans-5.2.0.RELEASE.jar:5.2.0.RELEASE]
	at org.springframework.beans.factory.ObjectProvider.ifAvailable(ObjectProvider.java:91) ~[spring-beans-5.2.0.RELEASE.jar:5.2.0.RELEASE]
	at org.springframework.boot.autoconfigure.h2.H2ConsoleAutoConfiguration.h2Console(H2ConsoleAutoConfiguration.java:72) ~[spring-boot-autoconfigure-2.2.0.RELEASE.jar:2.2.0.RELEASE]
	at sun.reflect.NativeMethodAccessorImpl.invoke0(Native Method) ~[na:1.8.0_241]
	at sun.reflect.NativeMethodAccessorImpl.invoke(NativeMethodAccessorImpl.java:62) ~[na:1.8.0_241]
	at sun.reflect.DelegatingMethodAccessorImpl.invoke(DelegatingMethodAccessorImpl.java:43) ~[na:1.8.0_241]
	at java.lang.reflect.Method.invoke(Method.java:498) ~[na:1.8.0_241]
	at org.springframework.beans.factory.support.SimpleInstantiationStrategy.instantiate(SimpleInstantiationStrategy.java:154) ~[spring-beans-5.2.0.RELEASE.jar:5.2.0.RELEASE]
	... 98 common frames omitted
Caused by: org.springframework.beans.factory.UnsatisfiedDependencyException: Error creating bean with name 'cloudSqlDataSourceProperties' defined in class path resource [org/springframework/cloud/gcp/autoconfigure/sql/GcpCloudSqlAutoConfiguration$CloudSqlDataSourcePropertiesConfiguration.class]: Unsatisfied dependency expressed through method 'cloudSqlDataSourceProperties' parameter 3; nested exception is org.springframework.beans.factory.BeanCreationException: Error creating bean with name 'defaultMySqlJdbcInfoProvider' defined in class path resource [org/springframework/cloud/gcp/autoconfigure/sql/GcpCloudSqlAutoConfiguration$MySqlJdbcInfoProviderConfiguration.class]: Bean instantiation via factory method failed; nested exception is org.springframework.beans.BeanInstantiationException: Failed to instantiate [org.springframework.cloud.gcp.autoconfigure.sql.CloudSqlJdbcInfoProvider]: Factory method 'defaultMySqlJdbcInfoProvider' threw exception; nested exception is java.lang.IllegalArgumentException: A database name must be provided.
	at org.springframework.beans.factory.support.ConstructorResolver.createArgumentArray(ConstructorResolver.java:787) ~[spring-beans-5.2.0.RELEASE.jar:5.2.0.RELEASE]
	at org.springframework.beans.factory.support.ConstructorResolver.instantiateUsingFactoryMethod(ConstructorResolver.java:528) ~[spring-beans-5.2.0.RELEASE.jar:5.2.0.RELEASE]
	at org.springframework.beans.factory.support.AbstractAutowireCapableBeanFactory.instantiateUsingFactoryMethod(AbstractAutowireCapableBeanFactory.java:1338) ~[spring-beans-5.2.0.RELEASE.jar:5.2.0.RELEASE]
	at org.springframework.beans.factory.support.AbstractAutowireCapableBeanFactory.createBeanInstance(AbstractAutowireCapableBeanFactory.java:1177) ~[spring-beans-5.2.0.RELEASE.jar:5.2.0.RELEASE]
	at org.springframework.beans.factory.support.AbstractAutowireCapableBeanFactory.doCreateBean(AbstractAutowireCapableBeanFactory.java:557) ~[spring-beans-5.2.0.RELEASE.jar:5.2.0.RELEASE]
	at org.springframework.beans.factory.support.AbstractAutowireCapableBeanFactory.createBean(AbstractAutowireCapableBeanFactory.java:517) ~[spring-beans-5.2.0.RELEASE.jar:5.2.0.RELEASE]
	at org.springframework.beans.factory.support.AbstractBeanFactory.lambda$doGetBean$0(AbstractBeanFactory.java:323) ~[spring-beans-5.2.0.RELEASE.jar:5.2.0.RELEASE]
	at org.springframework.beans.factory.support.DefaultSingletonBeanRegistry.getSingleton(DefaultSingletonBeanRegistry.java:222) ~[spring-beans-5.2.0.RELEASE.jar:5.2.0.RELEASE]
	at org.springframework.beans.factory.support.AbstractBeanFactory.doGetBean(AbstractBeanFactory.java:321) ~[spring-beans-5.2.0.RELEASE.jar:5.2.0.RELEASE]
	at org.springframework.beans.factory.support.AbstractBeanFactory.getBean(AbstractBeanFactory.java:202) ~[spring-beans-5.2.0.RELEASE.jar:5.2.0.RELEASE]
	at org.springframework.beans.factory.config.DependencyDescriptor.resolveCandidate(DependencyDescriptor.java:276) ~[spring-beans-5.2.0.RELEASE.jar:5.2.0.RELEASE]
	at org.springframework.beans.factory.support.DefaultListableBeanFactory.doResolveDependency(DefaultListableBeanFactory.java:1287) ~[spring-beans-5.2.0.RELEASE.jar:5.2.0.RELEASE]
	at org.springframework.beans.factory.support.DefaultListableBeanFactory.resolveDependency(DefaultListableBeanFactory.java:1207) ~[spring-beans-5.2.0.RELEASE.jar:5.2.0.RELEASE]
	at org.springframework.beans.factory.support.ConstructorResolver.resolveAutowiredArgument(ConstructorResolver.java:874) ~[spring-beans-5.2.0.RELEASE.jar:5.2.0.RELEASE]
	at org.springframework.beans.factory.support.ConstructorResolver.createArgumentArray(ConstructorResolver.java:778) ~[spring-beans-5.2.0.RELEASE.jar:5.2.0.RELEASE]
	... 117 common frames omitted
Caused by: org.springframework.beans.factory.BeanCreationException: Error creating bean with name 'defaultMySqlJdbcInfoProvider' defined in class path resource [org/springframework/cloud/gcp/autoconfigure/sql/GcpCloudSqlAutoConfiguration$MySqlJdbcInfoProviderConfiguration.class]: Bean instantiation via factory method failed; nested exception is org.springframework.beans.BeanInstantiationException: Failed to instantiate [org.springframework.cloud.gcp.autoconfigure.sql.CloudSqlJdbcInfoProvider]: Factory method 'defaultMySqlJdbcInfoProvider' threw exception; nested exception is java.lang.IllegalArgumentException: A database name must be provided.
	at org.springframework.beans.factory.support.ConstructorResolver.instantiate(ConstructorResolver.java:645) ~[spring-beans-5.2.0.RELEASE.jar:5.2.0.RELEASE]
	at org.springframework.beans.factory.support.ConstructorResolver.instantiateUsingFactoryMethod(ConstructorResolver.java:625) ~[spring-beans-5.2.0.RELEASE.jar:5.2.0.RELEASE]
	at org.springframework.beans.factory.support.AbstractAutowireCapableBeanFactory.instantiateUsingFactoryMethod(AbstractAutowireCapableBeanFactory.java:1338) ~[spring-beans-5.2.0.RELEASE.jar:5.2.0.RELEASE]
	at org.springframework.beans.factory.support.AbstractAutowireCapableBeanFactory.createBeanInstance(AbstractAutowireCapableBeanFactory.java:1177) ~[spring-beans-5.2.0.RELEASE.jar:5.2.0.RELEASE]
	at org.springframework.beans.factory.support.AbstractAutowireCapableBeanFactory.doCreateBean(AbstractAutowireCapableBeanFactory.java:557) ~[spring-beans-5.2.0.RELEASE.jar:5.2.0.RELEASE]
	at org.springframework.beans.factory.support.AbstractAutowireCapableBeanFactory.createBean(AbstractAutowireCapableBeanFactory.java:517) ~[spring-beans-5.2.0.RELEASE.jar:5.2.0.RELEASE]
	at org.springframework.beans.factory.support.AbstractBeanFactory.lambda$doGetBean$0(AbstractBeanFactory.java:323) ~[spring-beans-5.2.0.RELEASE.jar:5.2.0.RELEASE]
	at org.springframework.beans.factory.support.DefaultSingletonBeanRegistry.getSingleton(DefaultSingletonBeanRegistry.java:222) ~[spring-beans-5.2.0.RELEASE.jar:5.2.0.RELEASE]
	at org.springframework.beans.factory.support.AbstractBeanFactory.doGetBean(AbstractBeanFactory.java:321) ~[spring-beans-5.2.0.RELEASE.jar:5.2.0.RELEASE]
	at org.springframework.beans.factory.support.AbstractBeanFactory.getBean(AbstractBeanFactory.java:202) ~[spring-beans-5.2.0.RELEASE.jar:5.2.0.RELEASE]
	at org.springframework.beans.factory.config.DependencyDescriptor.resolveCandidate(DependencyDescriptor.java:276) ~[spring-beans-5.2.0.RELEASE.jar:5.2.0.RELEASE]
	at org.springframework.beans.factory.support.DefaultListableBeanFactory.doResolveDependency(DefaultListableBeanFactory.java:1287) ~[spring-beans-5.2.0.RELEASE.jar:5.2.0.RELEASE]
	at org.springframework.beans.factory.support.DefaultListableBeanFactory.resolveDependency(DefaultListableBeanFactory.java:1207) ~[spring-beans-5.2.0.RELEASE.jar:5.2.0.RELEASE]
	at org.springframework.beans.factory.support.ConstructorResolver.resolveAutowiredArgument(ConstructorResolver.java:874) ~[spring-beans-5.2.0.RELEASE.jar:5.2.0.RELEASE]
	at org.springframework.beans.factory.support.ConstructorResolver.createArgumentArray(ConstructorResolver.java:778) ~[spring-beans-5.2.0.RELEASE.jar:5.2.0.RELEASE]
	... 131 common frames omitted
Caused by: org.springframework.beans.BeanInstantiationException: Failed to instantiate [org.springframework.cloud.gcp.autoconfigure.sql.CloudSqlJdbcInfoProvider]: Factory method 'defaultMySqlJdbcInfoProvider' threw exception; nested exception is java.lang.IllegalArgumentException: A database name must be provided.
	at org.springframework.beans.factory.support.SimpleInstantiationStrategy.instantiate(SimpleInstantiationStrategy.java:185) ~[spring-beans-5.2.0.RELEASE.jar:5.2.0.RELEASE]
	at org.springframework.beans.factory.support.ConstructorResolver.instantiate(ConstructorResolver.java:640) ~[spring-beans-5.2.0.RELEASE.jar:5.2.0.RELEASE]
	... 145 common frames omitted
Caused by: java.lang.IllegalArgumentException: A database name must be provided.
	at org.springframework.util.Assert.hasText(Assert.java:284) ~[spring-core-5.2.0.RELEASE.jar:5.2.0.RELEASE]
	at org.springframework.cloud.gcp.autoconfigure.sql.DefaultCloudSqlJdbcInfoProvider.<init>(DefaultCloudSqlJdbcInfoProvider.java:39) ~[spring-cloud-gcp-autoconfigure-1.0.0.RELEASE.jar:1.0.0.RELEASE]
	at org.springframework.cloud.gcp.autoconfigure.sql.GcpCloudSqlAutoConfiguration$MySqlJdbcInfoProviderConfiguration.defaultMySqlJdbcInfoProvider(GcpCloudSqlAutoConfiguration.java:118) ~[spring-cloud-gcp-autoconfigure-1.0.0.RELEASE.jar:1.0.0.RELEASE]
	at sun.reflect.NativeMethodAccessorImpl.invoke0(Native Method) ~[na:1.8.0_241]
	at sun.reflect.NativeMethodAccessorImpl.invoke(NativeMethodAccessorImpl.java:62) ~[na:1.8.0_241]
	at sun.reflect.DelegatingMethodAccessorImpl.invoke(DelegatingMethodAccessorImpl.java:43) ~[na:1.8.0_241]
	at java.lang.reflect.Method.invoke(Method.java:498) ~[na:1.8.0_241]
	at org.springframework.beans.factory.support.SimpleInstantiationStrategy.instantiate(SimpleInstantiationStrategy.java:154) ~[spring-beans-5.2.0.RELEASE.jar:5.2.0.RELEASE]
	... 146 common frames omitted

]]></system-out>
  </testcase>
</testsuite>