<?xml version="1.0" encoding="UTF-8"?>
<testsuite xmlns:xsi="http://www.w3.org/2001/XMLSchema-instance" xsi:noNamespaceSchemaLocation="https://maven.apache.org/surefire/maven-surefire-plugin/xsd/surefire-test-report.xsd" name="com.qa.domain.ArticleDomainUnitTest" time="0.001" tests="13" errors="0" skipped="0" failures="0">
  <properties>
[...]
</properties>
  <testcase name="articleIdNotEqual" classname="com.qa.domain.ArticleDomainUnitTest" time="0"/>
  <testcase name="constructorWithoutId" classname="com.qa.domain.ArticleDomainUnitTest" time="0"/>
  <testcase name="checkEqualityBetweenDifferentObjects" classname="com.qa.domain.ArticleDomainUnitTest" time="0"/>
  <testcase name="checkEquality" classname="com.qa.domain.ArticleDomainUnitTest" time="0"/>
  <testcase name="equalsWithNull" classname="com.qa.domain.ArticleDomainUnitTest" time="0"/>
  <testcase name="emptyConstructor" classname="com.qa.domain.ArticleDomainUnitTest" time="0"/>
  <testcase name="articleIdNullButOtherIdNotNull" classname="com.qa.domain.ArticleDomainUnitTest" time="0"/>
  <testcase name="checkEqualityBetweenDifferentObjectsNullDescription" classname="com.qa.domain.ArticleDomainUnitTest" time="0"/>
  <testcase name="equalsWithDifferentObject" classname="com.qa.domain.ArticleDomainUnitTest" time="0"/>
  <testcase name="settersTest" classname="com.qa.domain.ArticleDomainUnitTest" time="0"/>
  <testcase name="hashCodeTest" classname="com.qa.domain.ArticleDomainUnitTest" time="0"/>
  <testcase name="hashCodeTestWithNull" classname="com.qa.domain.ArticleDomainUnitTest" time="0"/>
  <testcase name="createArticleWithId" classname="com.qa.domain.ArticleDomainUnitTest" time="0"/>
</testsuite>